Started GET "/" for ::1 at 2018-01-16 16:38:40 -0500
Processing by Rails::WelcomeController#index as HTML
  Parameters: {"internal"=>true}
  Rendering /Users/jameshughes/.rvm/gems/ruby-2.3.1/gems/railties-5.0.0/lib/rails/templates/rails/welcome/index.html.erb
  Rendered /Users/jameshughes/.rvm/gems/ruby-2.3.1/gems/railties-5.0.0/lib/rails/templates/rails/welcome/index.html.erb (5.2ms)
Completed 200 OK in 26ms (Views: 13.6ms | ActiveRecord: 0.0ms)


Started GET "/" for ::1 at 2018-01-17 10:22:35 -0500
Processing by PagesController#home as HTML
  Rendering pages/home.html.erb within layouts/application
  Rendered pages/home.html.erb within layouts/application (0.4ms)
Completed 500 Internal Server Error in 199ms (ActiveRecord: 0.0ms)


  
ActionView::Template::Error (couldn't find file 'rails-ujs' with type 'application/javascript'
Checked in these paths: 
  /Users/jameshughes/wdi/Udemy/complete-web-developer-course/devmatch_saas/app/assets/config
  /Users/jameshughes/wdi/Udemy/complete-web-developer-course/devmatch_saas/app/assets/images
  /Users/jameshughes/wdi/Udemy/complete-web-developer-course/devmatch_saas/app/assets/javascripts
  /Users/jameshughes/wdi/Udemy/complete-web-developer-course/devmatch_saas/app/assets/stylesheets
  /Users/jameshughes/.rvm/gems/ruby-2.3.1/gems/jquery-rails-4.1.1/vendor/assets/javascripts
  /Users/jameshughes/.rvm/gems/ruby-2.3.1/gems/coffee-rails-4.2.1/lib/assets/javascripts
  /Users/jameshughes/.rvm/gems/ruby-2.3.1/gems/actioncable-5.0.0/lib/assets/compiled
  /Users/jameshughes/.rvm/gems/ruby-2.3.1/gems/turbolinks-source-5.1.0/lib/assets/javascripts
  /Users/jameshughes/wdi/Udemy/complete-web-developer-course/devmatch_saas/node_modules):
    4:     <title>SimplecodecastsSaas</title>
    5:     <%= csrf_meta_tags %>
    6: 
    7:     <%= stylesheet_link_tag    'application', media: 'all', 'data-turbolinks-track': 'reload' %>
    8:     <%= javascript_include_tag 'application', 'data-turbolinks-track': 'reload' %>
    9:   </head>
   10: 
  
app/assets/javascripts/application.js:13
app/views/layouts/application.html.erb:7:in `_app_views_layouts_application_html_erb___1230080850139727824_70198835926120'
  Rendering /Users/jameshughes/.rvm/gems/ruby-2.3.1/gems/actionpack-5.0.0/lib/action_dispatch/middleware/templates/rescues/template_error.html.erb within rescues/layout
  Rendering /Users/jameshughes/.rvm/gems/ruby-2.3.1/gems/actionpack-5.0.0/lib/action_dispatch/middleware/templates/rescues/_source.html.erb
  Rendered /Users/jameshughes/.rvm/gems/ruby-2.3.1/gems/actionpack-5.0.0/lib/action_dispatch/middleware/templates/rescues/_source.html.erb (8.5ms)
  Rendering /Users/jameshughes/.rvm/gems/ruby-2.3.1/gems/actionpack-5.0.0/lib/action_dispatch/middleware/templates/rescues/_trace.html.erb
  Rendered /Users/jameshughes/.rvm/gems/ruby-2.3.1/gems/actionpack-5.0.0/lib/action_dispatch/middleware/templates/rescues/_trace.html.erb (3.8ms)
  Rendering /Users/jameshughes/.rvm/gems/ruby-2.3.1/gems/actionpack-5.0.0/lib/action_dispatch/middleware/templates/rescues/_request_and_response.html.erb
  Rendered /Users/jameshughes/.rvm/gems/ruby-2.3.1/gems/actionpack-5.0.0/lib/action_dispatch/middleware/templates/rescues/_request_and_response.html.erb (0.9ms)
  Rendered /Users/jameshughes/.rvm/gems/ruby-2.3.1/gems/actionpack-5.0.0/lib/action_dispatch/middleware/templates/rescues/template_error.html.erb within rescues/layout (145.8ms)
Started GET "/" for ::1 at 2018-01-17 10:23:35 -0500
Processing by PagesController#home as HTML
  Rendering pages/home.html.erb within layouts/application
  Rendered pages/home.html.erb within layouts/application (0.4ms)
Completed 500 Internal Server Error in 18ms (ActiveRecord: 0.0ms)


  
ActionView::Template::Error (couldn't find file 'rails-ujs' with type 'application/javascript'
Checked in these paths: 
  /Users/jameshughes/wdi/Udemy/complete-web-developer-course/devmatch_saas/app/assets/config
  /Users/jameshughes/wdi/Udemy/complete-web-developer-course/devmatch_saas/app/assets/images
  /Users/jameshughes/wdi/Udemy/complete-web-developer-course/devmatch_saas/app/assets/javascripts
  /Users/jameshughes/wdi/Udemy/complete-web-developer-course/devmatch_saas/app/assets/stylesheets
  /Users/jameshughes/.rvm/gems/ruby-2.3.1/gems/jquery-rails-4.1.1/vendor/assets/javascripts
  /Users/jameshughes/.rvm/gems/ruby-2.3.1/gems/coffee-rails-4.2.1/lib/assets/javascripts
  /Users/jameshughes/.rvm/gems/ruby-2.3.1/gems/actioncable-5.0.0/lib/assets/compiled
  /Users/jameshughes/.rvm/gems/ruby-2.3.1/gems/turbolinks-source-5.1.0/lib/assets/javascripts
  /Users/jameshughes/wdi/Udemy/complete-web-developer-course/devmatch_saas/node_modules):
    4:     <title>SimplecodecastsSaas</title>
    5:     <%= csrf_meta_tags %>
    6: 
    7:     <%= stylesheet_link_tag    'application', media: 'all', 'data-turbolinks-track': 'reload' %>
    8:     <%= javascript_include_tag 'application', 'data-turbolinks-track': 'reload' %>
    9:   </head>
   10: 
  
app/assets/javascripts/application.js:13
app/views/layouts/application.html.erb:7:in `_app_views_layouts_application_html_erb___1230080850139727824_70198840145920'
  Rendering /Users/jameshughes/.rvm/gems/ruby-2.3.1/gems/actionpack-5.0.0/lib/action_dispatch/middleware/templates/rescues/template_error.html.erb within rescues/layout
  Rendering /Users/jameshughes/.rvm/gems/ruby-2.3.1/gems/actionpack-5.0.0/lib/action_dispatch/middleware/templates/rescues/_source.html.erb
  Rendered /Users/jameshughes/.rvm/gems/ruby-2.3.1/gems/actionpack-5.0.0/lib/action_dispatch/middleware/templates/rescues/_source.html.erb (9.2ms)
  Rendering /Users/jameshughes/.rvm/gems/ruby-2.3.1/gems/actionpack-5.0.0/lib/action_dispatch/middleware/templates/rescues/_trace.html.erb
  Rendered /Users/jameshughes/.rvm/gems/ruby-2.3.1/gems/actionpack-5.0.0/lib/action_dispatch/middleware/templates/rescues/_trace.html.erb (2.3ms)
  Rendering /Users/jameshughes/.rvm/gems/ruby-2.3.1/gems/actionpack-5.0.0/lib/action_dispatch/middleware/templates/rescues/_request_and_response.html.erb
  Rendered /Users/jameshughes/.rvm/gems/ruby-2.3.1/gems/actionpack-5.0.0/lib/action_dispatch/middleware/templates/rescues/_request_and_response.html.erb (1.0ms)
  Rendered /Users/jameshughes/.rvm/gems/ruby-2.3.1/gems/actionpack-5.0.0/lib/action_dispatch/middleware/templates/rescues/template_error.html.erb within rescues/layout (119.2ms)
Started GET "/" for ::1 at 2018-01-17 10:24:56 -0500
Processing by PagesController#home as HTML
  Rendering pages/home.html.erb within layouts/application
  Rendered pages/home.html.erb within layouts/application (1.7ms)
Completed 200 OK in 280ms (Views: 269.0ms | ActiveRecord: 0.0ms)


Started GET "/" for ::1 at 2018-01-17 10:36:11 -0500
Processing by PagesController#home as HTML
  Rendering pages/home.html.erb within layouts/application
  Rendered pages/home.html.erb within layouts/application (0.4ms)
Completed 200 OK in 32ms (Views: 27.4ms | ActiveRecord: 0.0ms)


Started GET "/" for ::1 at 2018-01-17 10:50:48 -0500
Processing by PagesController#home as HTML
  Rendering pages/home.html.erb within layouts/application
  Rendered pages/home.html.erb within layouts/application (0.4ms)
Completed 200 OK in 48ms (Views: 44.6ms | ActiveRecord: 0.0ms)


Started GET "/" for ::1 at 2018-01-17 10:50:51 -0500
Processing by PagesController#home as HTML
  Rendering pages/home.html.erb within layouts/application
  Rendered pages/home.html.erb within layouts/application (0.5ms)
Completed 200 OK in 27ms (Views: 23.8ms | ActiveRecord: 0.0ms)


Started GET "/about" for ::1 at 2018-01-17 10:51:16 -0500
Processing by PagesController#about as HTML
  Rendering pages/about.html.erb within layouts/application
  Rendered pages/about.html.erb within layouts/application (0.4ms)
Completed 200 OK in 24ms (Views: 20.9ms | ActiveRecord: 0.0ms)


Started GET "/" for ::1 at 2018-01-17 10:52:17 -0500
Processing by PagesController#home as HTML
  Rendering pages/home.html.erb within layouts/application
  Rendered pages/home.html.erb within layouts/application (0.4ms)
Completed 200 OK in 22ms (Views: 19.4ms | ActiveRecord: 0.0ms)


Started GET "/" for ::1 at 2018-01-17 11:07:00 -0500
Processing by PagesController#home as HTML
  Rendering pages/home.html.erb within layouts/application
  Rendered pages/home.html.erb within layouts/application (0.3ms)
Completed 500 Internal Server Error in 50ms (ActiveRecord: 0.0ms)


  
ActionView::Template::Error (File to import not found or unreadable: bootstrap-sprockets.
Load paths:
  /Users/jameshughes/wdi/Udemy/complete-web-developer-course/devmatch_saas/app/assets/config
  /Users/jameshughes/wdi/Udemy/complete-web-developer-course/devmatch_saas/app/assets/images
  /Users/jameshughes/wdi/Udemy/complete-web-developer-course/devmatch_saas/app/assets/javascripts
  /Users/jameshughes/wdi/Udemy/complete-web-developer-course/devmatch_saas/app/assets/stylesheets
  /Users/jameshughes/.rvm/gems/ruby-2.3.1/gems/jquery-rails-4.1.1/vendor/assets/javascripts
  /Users/jameshughes/.rvm/gems/ruby-2.3.1/gems/coffee-rails-4.2.1/lib/assets/javascripts
  /Users/jameshughes/.rvm/gems/ruby-2.3.1/gems/actioncable-5.0.0/lib/assets/compiled
  /Users/jameshughes/.rvm/gems/ruby-2.3.1/gems/rails-ujs-0.1.0/dist
  /Users/jameshughes/.rvm/gems/ruby-2.3.1/gems/turbolinks-source-5.1.0/lib/assets/javascripts
  /Users/jameshughes/wdi/Udemy/complete-web-developer-course/devmatch_saas/node_modules):
     5:     <%= csrf_meta_tags %>
     6:     <link href="//fonts.googleapis.com/css?family=Open+Sans:400,700,800" rel="stylesheet">
     7: 
     8:     <%= stylesheet_link_tag    'application', media: 'all', 'data-turbolinks-track': 'reload' %>
     9:     <%= javascript_include_tag 'application', 'data-turbolinks-track': 'reload' %>
    10: 
    11: 
  
app/assets/stylesheets/application.css.scss:17
app/views/layouts/application.html.erb:8:in `_app_views_layouts_application_html_erb__164871439805321605_70222255095200'
  Rendering /Users/jameshughes/.rvm/gems/ruby-2.3.1/gems/actionpack-5.0.0/lib/action_dispatch/middleware/templates/rescues/template_error.html.erb within rescues/layout
  Rendering /Users/jameshughes/.rvm/gems/ruby-2.3.1/gems/actionpack-5.0.0/lib/action_dispatch/middleware/templates/rescues/_source.html.erb
  Rendered /Users/jameshughes/.rvm/gems/ruby-2.3.1/gems/actionpack-5.0.0/lib/action_dispatch/middleware/templates/rescues/_source.html.erb (6.5ms)
  Rendering /Users/jameshughes/.rvm/gems/ruby-2.3.1/gems/actionpack-5.0.0/lib/action_dispatch/middleware/templates/rescues/_trace.html.erb
  Rendered /Users/jameshughes/.rvm/gems/ruby-2.3.1/gems/actionpack-5.0.0/lib/action_dispatch/middleware/templates/rescues/_trace.html.erb (2.5ms)
  Rendering /Users/jameshughes/.rvm/gems/ruby-2.3.1/gems/actionpack-5.0.0/lib/action_dispatch/middleware/templates/rescues/_request_and_response.html.erb
  Rendered /Users/jameshughes/.rvm/gems/ruby-2.3.1/gems/actionpack-5.0.0/lib/action_dispatch/middleware/templates/rescues/_request_and_response.html.erb (0.8ms)
  Rendered /Users/jameshughes/.rvm/gems/ruby-2.3.1/gems/actionpack-5.0.0/lib/action_dispatch/middleware/templates/rescues/template_error.html.erb within rescues/layout (125.5ms)
Started GET "/" for ::1 at 2018-01-17 11:07:53 -0500
Processing by PagesController#home as HTML
  Rendering pages/home.html.erb within layouts/application
  Rendered pages/home.html.erb within layouts/application (0.3ms)
Completed 500 Internal Server Error in 42ms (ActiveRecord: 0.0ms)


  
ActionView::Template::Error (File to import not found or unreadable: bootstrap.
Load paths:
  /Users/jameshughes/wdi/Udemy/complete-web-developer-course/devmatch_saas/app/assets/config
  /Users/jameshughes/wdi/Udemy/complete-web-developer-course/devmatch_saas/app/assets/images
  /Users/jameshughes/wdi/Udemy/complete-web-developer-course/devmatch_saas/app/assets/javascripts
  /Users/jameshughes/wdi/Udemy/complete-web-developer-course/devmatch_saas/app/assets/stylesheets
  /Users/jameshughes/.rvm/gems/ruby-2.3.1/gems/jquery-rails-4.1.1/vendor/assets/javascripts
  /Users/jameshughes/.rvm/gems/ruby-2.3.1/gems/coffee-rails-4.2.1/lib/assets/javascripts
  /Users/jameshughes/.rvm/gems/ruby-2.3.1/gems/actioncable-5.0.0/lib/assets/compiled
  /Users/jameshughes/.rvm/gems/ruby-2.3.1/gems/rails-ujs-0.1.0/dist
  /Users/jameshughes/.rvm/gems/ruby-2.3.1/gems/turbolinks-source-5.1.0/lib/assets/javascripts
  /Users/jameshughes/wdi/Udemy/complete-web-developer-course/devmatch_saas/node_modules):
     5:     <%= csrf_meta_tags %>
     6:     <link href="//fonts.googleapis.com/css?family=Open+Sans:400,700,800" rel="stylesheet">
     7: 
     8:     <%= stylesheet_link_tag    'application', media: 'all', 'data-turbolinks-track': 'reload' %>
     9:     <%= javascript_include_tag 'application', 'data-turbolinks-track': 'reload' %>
    10: 
    11: 
  
app/assets/stylesheets/application.css.scss:17
app/views/layouts/application.html.erb:8:in `_app_views_layouts_application_html_erb__164871439805321605_70222299140980'
  Rendering /Users/jameshughes/.rvm/gems/ruby-2.3.1/gems/actionpack-5.0.0/lib/action_dispatch/middleware/templates/rescues/template_error.html.erb within rescues/layout
  Rendering /Users/jameshughes/.rvm/gems/ruby-2.3.1/gems/actionpack-5.0.0/lib/action_dispatch/middleware/templates/rescues/_source.html.erb
  Rendered /Users/jameshughes/.rvm/gems/ruby-2.3.1/gems/actionpack-5.0.0/lib/action_dispatch/middleware/templates/rescues/_source.html.erb (6.4ms)
  Rendering /Users/jameshughes/.rvm/gems/ruby-2.3.1/gems/actionpack-5.0.0/lib/action_dispatch/middleware/templates/rescues/_trace.html.erb
  Rendered /Users/jameshughes/.rvm/gems/ruby-2.3.1/gems/actionpack-5.0.0/lib/action_dispatch/middleware/templates/rescues/_trace.html.erb (2.1ms)
  Rendering /Users/jameshughes/.rvm/gems/ruby-2.3.1/gems/actionpack-5.0.0/lib/action_dispatch/middleware/templates/rescues/_request_and_response.html.erb
  Rendered /Users/jameshughes/.rvm/gems/ruby-2.3.1/gems/actionpack-5.0.0/lib/action_dispatch/middleware/templates/rescues/_request_and_response.html.erb (0.7ms)
  Rendered /Users/jameshughes/.rvm/gems/ruby-2.3.1/gems/actionpack-5.0.0/lib/action_dispatch/middleware/templates/rescues/template_error.html.erb within rescues/layout (120.9ms)
Started GET "/" for ::1 at 2018-01-17 11:08:50 -0500
Processing by PagesController#home as HTML
  Rendering pages/home.html.erb within layouts/application
  Rendered pages/home.html.erb within layouts/application (0.3ms)
Completed 500 Internal Server Error in 43ms (ActiveRecord: 0.0ms)


  
ActionView::Template::Error (File to import not found or unreadable: bootstrap-sprockets.
Load paths:
  /Users/jameshughes/wdi/Udemy/complete-web-developer-course/devmatch_saas/app/assets/config
  /Users/jameshughes/wdi/Udemy/complete-web-developer-course/devmatch_saas/app/assets/images
  /Users/jameshughes/wdi/Udemy/complete-web-developer-course/devmatch_saas/app/assets/javascripts
  /Users/jameshughes/wdi/Udemy/complete-web-developer-course/devmatch_saas/app/assets/stylesheets
  /Users/jameshughes/.rvm/gems/ruby-2.3.1/gems/jquery-rails-4.1.1/vendor/assets/javascripts
  /Users/jameshughes/.rvm/gems/ruby-2.3.1/gems/coffee-rails-4.2.1/lib/assets/javascripts
  /Users/jameshughes/.rvm/gems/ruby-2.3.1/gems/actioncable-5.0.0/lib/assets/compiled
  /Users/jameshughes/.rvm/gems/ruby-2.3.1/gems/rails-ujs-0.1.0/dist
  /Users/jameshughes/.rvm/gems/ruby-2.3.1/gems/turbolinks-source-5.1.0/lib/assets/javascripts
  /Users/jameshughes/wdi/Udemy/complete-web-developer-course/devmatch_saas/node_modules):
     5:     <%= csrf_meta_tags %>
     6:     <link href="//fonts.googleapis.com/css?family=Open+Sans:400,700,800" rel="stylesheet">
     7: 
     8:     <%= stylesheet_link_tag    'application', media: 'all', 'data-turbolinks-track': 'reload' %>
     9:     <%= javascript_include_tag 'application', 'data-turbolinks-track': 'reload' %>
    10: 
    11: 
  
app/assets/stylesheets/application.css.scss:17
app/views/layouts/application.html.erb:8:in `_app_views_layouts_application_html_erb__164871439805321605_70222270041820'
  Rendering /Users/jameshughes/.rvm/gems/ruby-2.3.1/gems/actionpack-5.0.0/lib/action_dispatch/middleware/templates/rescues/template_error.html.erb within rescues/layout
  Rendering /Users/jameshughes/.rvm/gems/ruby-2.3.1/gems/actionpack-5.0.0/lib/action_dispatch/middleware/templates/rescues/_source.html.erb
  Rendered /Users/jameshughes/.rvm/gems/ruby-2.3.1/gems/actionpack-5.0.0/lib/action_dispatch/middleware/templates/rescues/_source.html.erb (5.3ms)
  Rendering /Users/jameshughes/.rvm/gems/ruby-2.3.1/gems/actionpack-5.0.0/lib/action_dispatch/middleware/templates/rescues/_trace.html.erb
  Rendered /Users/jameshughes/.rvm/gems/ruby-2.3.1/gems/actionpack-5.0.0/lib/action_dispatch/middleware/templates/rescues/_trace.html.erb (2.6ms)
  Rendering /Users/jameshughes/.rvm/gems/ruby-2.3.1/gems/actionpack-5.0.0/lib/action_dispatch/middleware/templates/rescues/_request_and_response.html.erb
  Rendered /Users/jameshughes/.rvm/gems/ruby-2.3.1/gems/actionpack-5.0.0/lib/action_dispatch/middleware/templates/rescues/_request_and_response.html.erb (0.6ms)
  Rendered /Users/jameshughes/.rvm/gems/ruby-2.3.1/gems/actionpack-5.0.0/lib/action_dispatch/middleware/templates/rescues/template_error.html.erb within rescues/layout (126.4ms)
Started GET "/" for ::1 at 2018-01-17 11:10:50 -0500
Processing by PagesController#home as HTML
  Rendering pages/home.html.erb within layouts/application
  Rendered pages/home.html.erb within layouts/application (0.3ms)
Completed 500 Internal Server Error in 37ms (ActiveRecord: 0.0ms)


  
ActionView::Template::Error (File to import not found or unreadable: bootstrap-sprockets.
Load paths:
  /Users/jameshughes/wdi/Udemy/complete-web-developer-course/devmatch_saas/app/assets/config
  /Users/jameshughes/wdi/Udemy/complete-web-developer-course/devmatch_saas/app/assets/images
  /Users/jameshughes/wdi/Udemy/complete-web-developer-course/devmatch_saas/app/assets/javascripts
  /Users/jameshughes/wdi/Udemy/complete-web-developer-course/devmatch_saas/app/assets/stylesheets
  /Users/jameshughes/.rvm/gems/ruby-2.3.1/gems/jquery-rails-4.1.1/vendor/assets/javascripts
  /Users/jameshughes/.rvm/gems/ruby-2.3.1/gems/coffee-rails-4.2.1/lib/assets/javascripts
  /Users/jameshughes/.rvm/gems/ruby-2.3.1/gems/actioncable-5.0.0/lib/assets/compiled
  /Users/jameshughes/.rvm/gems/ruby-2.3.1/gems/rails-ujs-0.1.0/dist
  /Users/jameshughes/.rvm/gems/ruby-2.3.1/gems/turbolinks-source-5.1.0/lib/assets/javascripts
  /Users/jameshughes/wdi/Udemy/complete-web-developer-course/devmatch_saas/node_modules):
     5:     <%= csrf_meta_tags %>
     6:     <link href="//fonts.googleapis.com/css?family=Open+Sans:400,700,800" rel="stylesheet">
     7: 
     8:     <%= stylesheet_link_tag    'application', media: 'all', 'data-turbolinks-track': 'reload' %>
     9:     <%= javascript_include_tag 'application', 'data-turbolinks-track': 'reload' %>
    10: 
    11: 
  
app/assets/stylesheets/application.css.scss:17
app/views/layouts/application.html.erb:8:in `_app_views_layouts_application_html_erb__164871439805321605_70222270265700'
  Rendering /Users/jameshughes/.rvm/gems/ruby-2.3.1/gems/actionpack-5.0.0/lib/action_dispatch/middleware/templates/rescues/template_error.html.erb within rescues/layout
  Rendering /Users/jameshughes/.rvm/gems/ruby-2.3.1/gems/actionpack-5.0.0/lib/action_dispatch/middleware/templates/rescues/_source.html.erb
  Rendered /Users/jameshughes/.rvm/gems/ruby-2.3.1/gems/actionpack-5.0.0/lib/action_dispatch/middleware/templates/rescues/_source.html.erb (5.4ms)
  Rendering /Users/jameshughes/.rvm/gems/ruby-2.3.1/gems/actionpack-5.0.0/lib/action_dispatch/middleware/templates/rescues/_trace.html.erb
  Rendered /Users/jameshughes/.rvm/gems/ruby-2.3.1/gems/actionpack-5.0.0/lib/action_dispatch/middleware/templates/rescues/_trace.html.erb (7.9ms)
  Rendering /Users/jameshughes/.rvm/gems/ruby-2.3.1/gems/actionpack-5.0.0/lib/action_dispatch/middleware/templates/rescues/_request_and_response.html.erb
  Rendered /Users/jameshughes/.rvm/gems/ruby-2.3.1/gems/actionpack-5.0.0/lib/action_dispatch/middleware/templates/rescues/_request_and_response.html.erb (0.7ms)
  Rendered /Users/jameshughes/.rvm/gems/ruby-2.3.1/gems/actionpack-5.0.0/lib/action_dispatch/middleware/templates/rescues/template_error.html.erb within rescues/layout (128.5ms)
Started GET "/" for ::1 at 2018-01-17 11:11:07 -0500
Processing by PagesController#home as HTML
  Rendering pages/home.html.erb within layouts/application
  Rendered pages/home.html.erb within layouts/application (0.3ms)
Completed 200 OK in 53ms (Views: 50.2ms | ActiveRecord: 0.0ms)


Started GET "/" for ::1 at 2018-01-17 11:11:22 -0500
Processing by PagesController#home as HTML
  Rendering pages/home.html.erb within layouts/application
  Rendered pages/home.html.erb within layouts/application (0.3ms)
Completed 500 Internal Server Error in 40ms (ActiveRecord: 0.0ms)


  
ActionView::Template::Error (File to import not found or unreadable: bootstrap-sprockets.
Load paths:
  /Users/jameshughes/wdi/Udemy/complete-web-developer-course/devmatch_saas/app/assets/config
  /Users/jameshughes/wdi/Udemy/complete-web-developer-course/devmatch_saas/app/assets/images
  /Users/jameshughes/wdi/Udemy/complete-web-developer-course/devmatch_saas/app/assets/javascripts
  /Users/jameshughes/wdi/Udemy/complete-web-developer-course/devmatch_saas/app/assets/stylesheets
  /Users/jameshughes/.rvm/gems/ruby-2.3.1/gems/jquery-rails-4.1.1/vendor/assets/javascripts
  /Users/jameshughes/.rvm/gems/ruby-2.3.1/gems/coffee-rails-4.2.1/lib/assets/javascripts
  /Users/jameshughes/.rvm/gems/ruby-2.3.1/gems/actioncable-5.0.0/lib/assets/compiled
  /Users/jameshughes/.rvm/gems/ruby-2.3.1/gems/rails-ujs-0.1.0/dist
  /Users/jameshughes/.rvm/gems/ruby-2.3.1/gems/turbolinks-source-5.1.0/lib/assets/javascripts
  /Users/jameshughes/wdi/Udemy/complete-web-developer-course/devmatch_saas/node_modules):
     5:     <%= csrf_meta_tags %>
     6:     <link href="//fonts.googleapis.com/css?family=Open+Sans:400,700,800" rel="stylesheet">
     7: 
     8:     <%= stylesheet_link_tag    'application', media: 'all', 'data-turbolinks-track': 'reload' %>
     9:     <%= javascript_include_tag 'application', 'data-turbolinks-track': 'reload' %>
    10: 
    11: 
  
app/assets/stylesheets/application.css.scss:17
app/views/layouts/application.html.erb:8:in `_app_views_layouts_application_html_erb__164871439805321605_70222270199960'
  Rendering /Users/jameshughes/.rvm/gems/ruby-2.3.1/gems/actionpack-5.0.0/lib/action_dispatch/middleware/templates/rescues/template_error.html.erb within rescues/layout
  Rendering /Users/jameshughes/.rvm/gems/ruby-2.3.1/gems/actionpack-5.0.0/lib/action_dispatch/middleware/templates/rescues/_source.html.erb
  Rendered /Users/jameshughes/.rvm/gems/ruby-2.3.1/gems/actionpack-5.0.0/lib/action_dispatch/middleware/templates/rescues/_source.html.erb (6.2ms)
  Rendering /Users/jameshughes/.rvm/gems/ruby-2.3.1/gems/actionpack-5.0.0/lib/action_dispatch/middleware/templates/rescues/_trace.html.erb
  Rendered /Users/jameshughes/.rvm/gems/ruby-2.3.1/gems/actionpack-5.0.0/lib/action_dispatch/middleware/templates/rescues/_trace.html.erb (3.4ms)
  Rendering /Users/jameshughes/.rvm/gems/ruby-2.3.1/gems/actionpack-5.0.0/lib/action_dispatch/middleware/templates/rescues/_request_and_response.html.erb
  Rendered /Users/jameshughes/.rvm/gems/ruby-2.3.1/gems/actionpack-5.0.0/lib/action_dispatch/middleware/templates/rescues/_request_and_response.html.erb (0.8ms)
  Rendered /Users/jameshughes/.rvm/gems/ruby-2.3.1/gems/actionpack-5.0.0/lib/action_dispatch/middleware/templates/rescues/template_error.html.erb within rescues/layout (124.0ms)
Started GET "/" for ::1 at 2018-01-17 11:12:43 -0500
Processing by PagesController#home as HTML
  Rendering pages/home.html.erb within layouts/application
  Rendered pages/home.html.erb within layouts/application (1.7ms)
Completed 200 OK in 4368ms (Views: 4356.6ms | ActiveRecord: 0.0ms)


Started GET "/" for ::1 at 2018-01-17 11:34:11 -0500
Processing by PagesController#home as HTML
  Rendering pages/home.html.erb within layouts/application
  Rendered pages/home.html.erb within layouts/application (0.3ms)
Completed 200 OK in 2296ms (Views: 2292.0ms | ActiveRecord: 0.0ms)


Started GET "/" for ::1 at 2018-01-17 11:36:00 -0500
Processing by PagesController#home as HTML
  Rendering pages/home.html.erb within layouts/application
  Rendered pages/home.html.erb within layouts/application (0.4ms)
Completed 200 OK in 35ms (Views: 32.3ms | ActiveRecord: 0.0ms)


Started GET "/" for ::1 at 2018-01-17 11:36:16 -0500
Processing by PagesController#home as HTML
  Rendering pages/home.html.erb within layouts/application
  Rendered pages/home.html.erb within layouts/application (0.7ms)
Completed 200 OK in 34ms (Views: 31.1ms | ActiveRecord: 0.0ms)


Started GET "/" for ::1 at 2018-01-17 11:45:06 -0500
Processing by PagesController#home as HTML
  Rendering pages/home.html.erb within layouts/application
  Rendered pages/home.html.erb within layouts/application (0.3ms)
Completed 200 OK in 2036ms (Views: 2033.2ms | ActiveRecord: 0.0ms)


Started GET "/" for ::1 at 2018-01-17 11:46:25 -0500
Processing by PagesController#home as HTML
  Rendering pages/home.html.erb within layouts/application
  Rendered pages/home.html.erb within layouts/application (0.4ms)
Completed 200 OK in 2225ms (Views: 2221.3ms | ActiveRecord: 0.0ms)


Started GET "/" for ::1 at 2018-01-17 11:46:47 -0500
Processing by PagesController#home as HTML
  Rendering pages/home.html.erb within layouts/application
  Rendered pages/home.html.erb within layouts/application (0.5ms)
Completed 200 OK in 2222ms (Views: 2219.1ms | ActiveRecord: 0.0ms)


Started GET "/" for ::1 at 2018-01-17 11:52:50 -0500
Processing by PagesController#home as HTML
  Rendering pages/home.html.erb within layouts/application
  Rendered pages/home.html.erb within layouts/application (0.3ms)
Completed 200 OK in 1959ms (Views: 1956.1ms | ActiveRecord: 0.0ms)


Started GET "/" for ::1 at 2018-01-17 11:53:58 -0500
Processing by PagesController#home as HTML
  Rendering pages/home.html.erb within layouts/application
  Rendered pages/home.html.erb within layouts/application (0.4ms)
Completed 200 OK in 32ms (Views: 29.1ms | ActiveRecord: 0.0ms)


Started GET "/" for ::1 at 2018-01-17 11:54:55 -0500
Processing by PagesController#home as HTML
  Rendering pages/home.html.erb within layouts/application
  Rendered pages/home.html.erb within layouts/application (0.3ms)
Completed 200 OK in 33ms (Views: 29.0ms | ActiveRecord: 0.0ms)


Started GET "/" for ::1 at 2018-01-17 11:55:25 -0500
Processing by PagesController#home as HTML
  Rendering pages/home.html.erb within layouts/application
  Rendered pages/home.html.erb within layouts/application (0.4ms)
Completed 200 OK in 1988ms (Views: 1983.8ms | ActiveRecord: 0.0ms)


Started GET "/" for ::1 at 2018-01-17 11:56:22 -0500
Processing by PagesController#home as HTML
  Rendering pages/home.html.erb within layouts/application
  Rendered pages/home.html.erb within layouts/application (0.4ms)
Completed 200 OK in 37ms (Views: 34.1ms | ActiveRecord: 0.0ms)


Started GET "/" for ::1 at 2018-01-17 11:56:49 -0500
Processing by PagesController#home as HTML
  Rendering pages/home.html.erb within layouts/application
  Rendered pages/home.html.erb within layouts/application (0.4ms)
Completed 200 OK in 37ms (Views: 33.1ms | ActiveRecord: 0.0ms)


Started GET "/" for ::1 at 2018-01-17 11:59:54 -0500
Processing by PagesController#home as HTML
  Rendering pages/home.html.erb within layouts/application
  Rendered pages/home.html.erb within layouts/application (0.3ms)
Completed 200 OK in 2100ms (Views: 2096.9ms | ActiveRecord: 0.0ms)


Started GET "/" for ::1 at 2018-01-17 12:02:45 -0500
Processing by PagesController#home as HTML
  Rendering pages/home.html.erb within layouts/application
  Rendered pages/home.html.erb within layouts/application (0.3ms)
Completed 200 OK in 2147ms (Views: 2143.6ms | ActiveRecord: 0.0ms)


Started GET "/" for ::1 at 2018-01-17 12:11:04 -0500
Processing by PagesController#home as HTML
  Rendering pages/home.html.erb within layouts/application
  Rendered pages/home.html.erb within layouts/application (1.9ms)
Completed 200 OK in 2354ms (Views: 2342.2ms | ActiveRecord: 0.0ms)


Started GET "/" for ::1 at 2018-01-17 12:12:49 -0500
Processing by PagesController#home as HTML
  Rendering pages/home.html.erb within layouts/application
  Rendered pages/home.html.erb within layouts/application (0.3ms)
Completed 200 OK in 2068ms (Views: 2063.8ms | ActiveRecord: 0.0ms)


Started GET "/" for ::1 at 2018-01-17 12:14:35 -0500
Processing by PagesController#home as HTML
  Rendering pages/home.html.erb within layouts/application
  Rendered pages/home.html.erb within layouts/application (0.3ms)
Completed 200 OK in 2038ms (Views: 2035.0ms | ActiveRecord: 0.0ms)


Started GET "/" for ::1 at 2018-01-17 12:17:57 -0500
Processing by PagesController#home as HTML
  Rendering pages/home.html.erb within layouts/application
  Rendered pages/home.html.erb within layouts/application (0.4ms)
Completed 500 Internal Server Error in 35ms (ActiveRecord: 0.0ms)


  
ActionView::Template::Error (Invalid CSS after "    opacity": expected ";", was ": 0.75;"):
     5:     <%= csrf_meta_tags %>
     6:     <link href="//fonts.googleapis.com/css?family=Open+Sans:400,700,800" rel="stylesheet">
     7: 
     8:     <%= stylesheet_link_tag    'application', media: 'all', 'data-turbolinks-track': 'reload' %>
     9:     <%= javascript_include_tag 'application', 'data-turbolinks-track': 'reload' %>
    10: 
    11: 
  
app/assets/stylesheets/application.css.scss:47
app/views/layouts/application.html.erb:8:in `_app_views_layouts_application_html_erb___2178021107599359294_70094644132560'
  Rendering /Users/jameshughes/.rvm/gems/ruby-2.3.1/gems/actionpack-5.0.0/lib/action_dispatch/middleware/templates/rescues/template_error.html.erb within rescues/layout
  Rendering /Users/jameshughes/.rvm/gems/ruby-2.3.1/gems/actionpack-5.0.0/lib/action_dispatch/middleware/templates/rescues/_source.html.erb
  Rendered /Users/jameshughes/.rvm/gems/ruby-2.3.1/gems/actionpack-5.0.0/lib/action_dispatch/middleware/templates/rescues/_source.html.erb (10.3ms)
  Rendering /Users/jameshughes/.rvm/gems/ruby-2.3.1/gems/actionpack-5.0.0/lib/action_dispatch/middleware/templates/rescues/_trace.html.erb
  Rendered /Users/jameshughes/.rvm/gems/ruby-2.3.1/gems/actionpack-5.0.0/lib/action_dispatch/middleware/templates/rescues/_trace.html.erb (2.6ms)
  Rendering /Users/jameshughes/.rvm/gems/ruby-2.3.1/gems/actionpack-5.0.0/lib/action_dispatch/middleware/templates/rescues/_request_and_response.html.erb
  Rendered /Users/jameshughes/.rvm/gems/ruby-2.3.1/gems/actionpack-5.0.0/lib/action_dispatch/middleware/templates/rescues/_request_and_response.html.erb (0.7ms)
  Rendered /Users/jameshughes/.rvm/gems/ruby-2.3.1/gems/actionpack-5.0.0/lib/action_dispatch/middleware/templates/rescues/template_error.html.erb within rescues/layout (145.8ms)
Started GET "/" for ::1 at 2018-01-17 12:18:09 -0500
Processing by PagesController#home as HTML
  Rendering pages/home.html.erb within layouts/application
  Rendered pages/home.html.erb within layouts/application (0.3ms)
Completed 200 OK in 2012ms (Views: 2008.7ms | ActiveRecord: 0.0ms)


Started GET "/" for ::1 at 2018-01-17 12:34:37 -0500
Processing by PagesController#home as HTML
  Rendering pages/home.html.erb within layouts/application
  Rendered pages/home.html.erb within layouts/application (0.4ms)
Completed 500 Internal Server Error in 893ms (ActiveRecord: 0.0ms)


  
ActionView::Template::Error (File to import not found or unreadable: font-awesome-sprockets.
Load paths:
  /Users/jameshughes/wdi/Udemy/complete-web-developer-course/devmatch_saas/app/assets/config
  /Users/jameshughes/wdi/Udemy/complete-web-developer-course/devmatch_saas/app/assets/images
  /Users/jameshughes/wdi/Udemy/complete-web-developer-course/devmatch_saas/app/assets/javascripts
  /Users/jameshughes/wdi/Udemy/complete-web-developer-course/devmatch_saas/app/assets/stylesheets
  /Users/jameshughes/.rvm/gems/ruby-2.3.1/gems/jquery-rails-4.1.1/vendor/assets/javascripts
  /Users/jameshughes/.rvm/gems/ruby-2.3.1/gems/coffee-rails-4.2.1/lib/assets/javascripts
  /Users/jameshughes/.rvm/gems/ruby-2.3.1/gems/actioncable-5.0.0/lib/assets/compiled
  /Users/jameshughes/.rvm/gems/ruby-2.3.1/gems/rails-ujs-0.1.0/dist
  /Users/jameshughes/.rvm/gems/ruby-2.3.1/gems/turbolinks-source-5.1.0/lib/assets/javascripts
  /Users/jameshughes/wdi/Udemy/complete-web-developer-course/devmatch_saas/node_modules
  /Users/jameshughes/.rvm/gems/ruby-2.3.1/gems/bootstrap-sass-3.3.7/assets/stylesheets
  /Users/jameshughes/.rvm/gems/ruby-2.3.1/gems/bootstrap-sass-3.3.7/assets/javascripts
  /Users/jameshughes/.rvm/gems/ruby-2.3.1/gems/bootstrap-sass-3.3.7/assets/fonts
  /Users/jameshughes/.rvm/gems/ruby-2.3.1/gems/bootstrap-sass-3.3.7/assets/images
  /Users/jameshughes/.rvm/gems/ruby-2.3.1/gems/bootstrap-sass-3.3.7/assets/stylesheets):
     5:     <%= csrf_meta_tags %>
     6:     <link href="//fonts.googleapis.com/css?family=Open+Sans:400,700,800" rel="stylesheet">
     7: 
     8:     <%= stylesheet_link_tag    'application', media: 'all', 'data-turbolinks-track': 'reload' %>
     9:     <%= javascript_include_tag 'application', 'data-turbolinks-track': 'reload' %>
    10: 
    11: 
  
app/assets/stylesheets/application.css.scss:19
app/views/layouts/application.html.erb:8:in `_app_views_layouts_application_html_erb___2178021107599359294_70094568781280'
  Rendering /Users/jameshughes/.rvm/gems/ruby-2.3.1/gems/actionpack-5.0.0/lib/action_dispatch/middleware/templates/rescues/template_error.html.erb within rescues/layout
  Rendering /Users/jameshughes/.rvm/gems/ruby-2.3.1/gems/actionpack-5.0.0/lib/action_dispatch/middleware/templates/rescues/_source.html.erb
  Rendered /Users/jameshughes/.rvm/gems/ruby-2.3.1/gems/actionpack-5.0.0/lib/action_dispatch/middleware/templates/rescues/_source.html.erb (8.7ms)
  Rendering /Users/jameshughes/.rvm/gems/ruby-2.3.1/gems/actionpack-5.0.0/lib/action_dispatch/middleware/templates/rescues/_trace.html.erb
  Rendered /Users/jameshughes/.rvm/gems/ruby-2.3.1/gems/actionpack-5.0.0/lib/action_dispatch/middleware/templates/rescues/_trace.html.erb (2.5ms)
  Rendering /Users/jameshughes/.rvm/gems/ruby-2.3.1/gems/actionpack-5.0.0/lib/action_dispatch/middleware/templates/rescues/_request_and_response.html.erb
  Rendered /Users/jameshughes/.rvm/gems/ruby-2.3.1/gems/actionpack-5.0.0/lib/action_dispatch/middleware/templates/rescues/_request_and_response.html.erb (0.7ms)
  Rendered /Users/jameshughes/.rvm/gems/ruby-2.3.1/gems/actionpack-5.0.0/lib/action_dispatch/middleware/templates/rescues/template_error.html.erb within rescues/layout (134.2ms)
Started GET "/" for ::1 at 2018-01-17 12:38:41 -0500
Processing by PagesController#home as HTML
  Rendering pages/home.html.erb within layouts/application
  Rendered pages/home.html.erb within layouts/application (1.5ms)
Completed 200 OK in 4079ms (Views: 4067.7ms | ActiveRecord: 0.0ms)


Started GET "/" for ::1 at 2018-01-17 12:40:46 -0500
Processing by PagesController#home as HTML
  Rendering pages/home.html.erb within layouts/application
  Rendered pages/home.html.erb within layouts/application (0.4ms)
Completed 200 OK in 48ms (Views: 43.8ms | ActiveRecord: 0.0ms)


Started GET "/" for ::1 at 2018-01-17 12:42:53 -0500
Processing by PagesController#home as HTML
  Rendering pages/home.html.erb within layouts/application
  Rendered pages/home.html.erb within layouts/application (1.9ms)
Completed 200 OK in 382ms (Views: 370.0ms | ActiveRecord: 0.0ms)


Started GET "/" for ::1 at 2018-01-17 12:51:08 -0500
Processing by PagesController#home as HTML
  Rendering pages/home.html.erb within layouts/application
  Rendered pages/home.html.erb within layouts/application (0.4ms)
Completed 200 OK in 44ms (Views: 40.5ms | ActiveRecord: 0.0ms)


Started GET "/" for ::1 at 2018-01-17 12:53:16 -0500
Processing by PagesController#home as HTML
  Rendering pages/home.html.erb within layouts/application
  Rendered pages/home.html.erb within layouts/application (0.7ms)
Completed 200 OK in 46ms (Views: 43.3ms | ActiveRecord: 0.0ms)


Started GET "/" for ::1 at 2018-01-17 12:54:47 -0500
Processing by PagesController#home as HTML
  Rendering pages/home.html.erb within layouts/application
  Rendered pages/home.html.erb within layouts/application (0.3ms)
Completed 200 OK in 45ms (Views: 40.8ms | ActiveRecord: 0.0ms)


Started GET "/" for ::1 at 2018-01-17 12:55:06 -0500
Processing by PagesController#home as HTML
  Rendering pages/home.html.erb within layouts/application
  Rendered pages/home.html.erb within layouts/application (0.5ms)
Completed 200 OK in 45ms (Views: 40.9ms | ActiveRecord: 0.0ms)


Started GET "/" for ::1 at 2018-01-18 12:10:38 -0500
Processing by PagesController#home as HTML
  Rendering pages/home.html.erb within layouts/application
  Rendered pages/home.html.erb within layouts/application (2.0ms)
Completed 200 OK in 138ms (Views: 129.6ms | ActiveRecord: 0.0ms)


Started GET "/" for ::1 at 2018-01-18 12:20:59 -0500
Processing by PagesController#home as HTML
  Rendering pages/home.html.erb within layouts/application
  Rendered pages/home.html.erb within layouts/application (1.9ms)
Completed 200 OK in 365ms (Views: 351.8ms | ActiveRecord: 0.0ms)


Started GET "/" for ::1 at 2018-01-18 12:21:32 -0500
Processing by PagesController#home as HTML
  Rendering pages/home.html.erb within layouts/application
  Rendered pages/home.html.erb within layouts/application (0.4ms)
Completed 200 OK in 47ms (Views: 43.1ms | ActiveRecord: 0.0ms)


Started GET "/about" for ::1 at 2018-01-18 12:21:38 -0500
Processing by PagesController#about as HTML
  Rendering pages/about.html.erb within layouts/application
  Rendered pages/about.html.erb within layouts/application (0.4ms)
Completed 200 OK in 40ms (Views: 36.5ms | ActiveRecord: 0.0ms)


Started GET "/about" for ::1 at 2018-01-18 12:36:24 -0500
Processing by PagesController#about as HTML
  Rendering pages/about.html.erb within layouts/application
  Rendered pages/about.html.erb within layouts/application (0.7ms)
Completed 200 OK in 60ms (Views: 57.3ms | ActiveRecord: 0.0ms)


Started GET "/about" for ::1 at 2018-01-18 12:36:59 -0500
Processing by PagesController#about as HTML
  Rendering pages/about.html.erb within layouts/application
  Rendered pages/about.html.erb within layouts/application (0.7ms)
Completed 200 OK in 57ms (Views: 53.8ms | ActiveRecord: 0.0ms)


Started GET "/about" for ::1 at 2018-01-18 12:37:30 -0500
Processing by PagesController#about as HTML
  Rendering pages/about.html.erb within layouts/application
  Rendered pages/about.html.erb within layouts/application (0.4ms)
Completed 200 OK in 46ms (Views: 43.4ms | ActiveRecord: 0.0ms)


Started GET "/about" for ::1 at 2018-01-18 12:37:57 -0500
Processing by PagesController#about as HTML
  Rendering pages/about.html.erb within layouts/application
  Rendered pages/about.html.erb within layouts/application (0.3ms)
Completed 200 OK in 40ms (Views: 37.4ms | ActiveRecord: 0.0ms)


Started GET "/about" for ::1 at 2018-01-18 12:38:15 -0500
Processing by PagesController#about as HTML
  Rendering pages/about.html.erb within layouts/application
  Rendered pages/about.html.erb within layouts/application (0.5ms)
Completed 200 OK in 45ms (Views: 41.5ms | ActiveRecord: 0.0ms)


Started GET "/about" for ::1 at 2018-01-18 12:39:13 -0500
Processing by PagesController#about as HTML
  Rendering pages/about.html.erb within layouts/application
  Rendered pages/about.html.erb within layouts/application (0.5ms)
Completed 200 OK in 2747ms (Views: 2744.2ms | ActiveRecord: 0.0ms)


Started GET "/about" for ::1 at 2018-01-18 12:47:50 -0500
Processing by PagesController#about as HTML
  Rendering pages/about.html.erb within layouts/application
  Rendered pages/about.html.erb within layouts/application (1.3ms)
Completed 200 OK in 2961ms (Views: 2949.6ms | ActiveRecord: 0.0ms)


Started GET "/about" for ::1 at 2018-01-18 12:48:41 -0500
Processing by PagesController#about as HTML
  Rendering pages/about.html.erb within layouts/application
  Rendered pages/about.html.erb within layouts/application (0.3ms)
Completed 200 OK in 2782ms (Views: 2778.4ms | ActiveRecord: 0.0ms)


Started GET "/about" for ::1 at 2018-01-18 12:50:40 -0500
Processing by PagesController#about as HTML
  Rendering pages/about.html.erb within layouts/application
  Rendered pages/about.html.erb within layouts/application (0.8ms)
Completed 200 OK in 2907ms (Views: 2903.2ms | ActiveRecord: 0.0ms)


Started GET "/about" for ::1 at 2018-01-18 12:52:23 -0500
Processing by PagesController#about as HTML
  Rendering pages/about.html.erb within layouts/application
  Rendered pages/about.html.erb within layouts/application (0.4ms)
Completed 200 OK in 2770ms (Views: 2767.3ms | ActiveRecord: 0.0ms)


Started GET "/about" for ::1 at 2018-01-18 12:55:13 -0500
Processing by PagesController#about as HTML
  Rendering pages/about.html.erb within layouts/application
  Rendered pages/about.html.erb within layouts/application (0.6ms)
Completed 200 OK in 248ms (Views: 244.5ms | ActiveRecord: 0.0ms)


Started GET "/" for ::1 at 2018-01-18 12:55:20 -0500
Processing by PagesController#home as HTML
  Rendering pages/home.html.erb within layouts/application
  Rendered pages/home.html.erb within layouts/application (0.5ms)
Completed 200 OK in 79ms (Views: 76.3ms | ActiveRecord: 0.0ms)


Started GET "/contacts/new" for ::1 at 2018-01-18 13:25:45 -0500
  
ActionController::RoutingError (uninitialized constant ContactsController):
  
activesupport (5.0.0) lib/active_support/inflector/methods.rb:268:in `const_get'
activesupport (5.0.0) lib/active_support/inflector/methods.rb:268:in `block in constantize'
activesupport (5.0.0) lib/active_support/inflector/methods.rb:266:in `each'
activesupport (5.0.0) lib/active_support/inflector/methods.rb:266:in `inject'
activesupport (5.0.0) lib/active_support/inflector/methods.rb:266:in `constantize'
actionpack (5.0.0) lib/action_dispatch/http/request.rb:93:in `controller_class'
actionpack (5.0.0) lib/action_dispatch/routing/route_set.rb:44:in `controller'
actionpack (5.0.0) lib/action_dispatch/routing/route_set.rb:30:in `serve'
actionpack (5.0.0) lib/action_dispatch/journey/router.rb:39:in `block in serve'
actionpack (5.0.0) lib/action_dispatch/journey/router.rb:26:in `each'
actionpack (5.0.0) lib/action_dispatch/journey/router.rb:26:in `serve'
actionpack (5.0.0) lib/action_dispatch/routing/route_set.rb:725:in `call'
rack (2.0.3) lib/rack/etag.rb:25:in `call'
rack (2.0.3) lib/rack/conditional_get.rb:25:in `call'
rack (2.0.3) lib/rack/head.rb:12:in `call'
rack (2.0.3) lib/rack/session/abstract/id.rb:232:in `context'
rack (2.0.3) lib/rack/session/abstract/id.rb:226:in `call'
actionpack (5.0.0) lib/action_dispatch/middleware/cookies.rb:613:in `call'
activerecord (5.0.0) lib/active_record/migration.rb:552:in `call'
actionpack (5.0.0) lib/action_dispatch/middleware/callbacks.rb:38:in `block in call'
activesupport (5.0.0) lib/active_support/callbacks.rb:97:in `__run_callbacks__'
activesupport (5.0.0) lib/active_support/callbacks.rb:750:in `_run_call_callbacks'
activesupport (5.0.0) lib/active_support/callbacks.rb:90:in `run_callbacks'
actionpack (5.0.0) lib/action_dispatch/middleware/callbacks.rb:36:in `call'
actionpack (5.0.0) lib/action_dispatch/middleware/executor.rb:12:in `call'
actionpack (5.0.0) lib/action_dispatch/middleware/remote_ip.rb:79:in `call'
actionpack (5.0.0) lib/action_dispatch/middleware/debug_exceptions.rb:49:in `call'
web-console (3.3.0) lib/web_console/middleware.rb:131:in `call_app'
web-console (3.3.0) lib/web_console/middleware.rb:28:in `block in call'
web-console (3.3.0) lib/web_console/middleware.rb:18:in `catch'
web-console (3.3.0) lib/web_console/middleware.rb:18:in `call'
actionpack (5.0.0) lib/action_dispatch/middleware/show_exceptions.rb:31:in `call'
railties (5.0.0) lib/rails/rack/logger.rb:36:in `call_app'
railties (5.0.0) lib/rails/rack/logger.rb:24:in `block in call'
activesupport (5.0.0) lib/active_support/tagged_logging.rb:70:in `block in tagged'
activesupport (5.0.0) lib/active_support/tagged_logging.rb:26:in `tagged'
activesupport (5.0.0) lib/active_support/tagged_logging.rb:70:in `tagged'
railties (5.0.0) lib/rails/rack/logger.rb:24:in `call'
sprockets-rails (3.2.1) lib/sprockets/rails/quiet_assets.rb:13:in `call'
actionpack (5.0.0) lib/action_dispatch/middleware/request_id.rb:24:in `call'
rack (2.0.3) lib/rack/method_override.rb:22:in `call'
rack (2.0.3) lib/rack/runtime.rb:22:in `call'
activesupport (5.0.0) lib/active_support/cache/strategy/local_cache_middleware.rb:28:in `call'
actionpack (5.0.0) lib/action_dispatch/middleware/executor.rb:12:in `call'
actionpack (5.0.0) lib/action_dispatch/middleware/static.rb:136:in `call'
rack (2.0.3) lib/rack/sendfile.rb:111:in `call'
railties (5.0.0) lib/rails/engine.rb:522:in `call'
puma (3.4.0) lib/puma/configuration.rb:224:in `call'
puma (3.4.0) lib/puma/server.rb:569:in `handle_request'
puma (3.4.0) lib/puma/server.rb:406:in `process_client'
puma (3.4.0) lib/puma/server.rb:271:in `block in run'
puma (3.4.0) lib/puma/thread_pool.rb:114:in `block in spawn_thread'
  Rendering /Users/jameshughes/.rvm/gems/ruby-2.3.1/gems/actionpack-5.0.0/lib/action_dispatch/middleware/templates/rescues/routing_error.html.erb within rescues/layout
  Rendering /Users/jameshughes/.rvm/gems/ruby-2.3.1/gems/actionpack-5.0.0/lib/action_dispatch/middleware/templates/rescues/_trace.html.erb
  Rendered /Users/jameshughes/.rvm/gems/ruby-2.3.1/gems/actionpack-5.0.0/lib/action_dispatch/middleware/templates/rescues/_trace.html.erb (1.7ms)
  Rendered collection of /Users/jameshughes/.rvm/gems/ruby-2.3.1/gems/actionpack-5.0.0/lib/action_dispatch/middleware/templates/routes/_route.html.erb [10 times] (14.4ms)
  Rendered /Users/jameshughes/.rvm/gems/ruby-2.3.1/gems/actionpack-5.0.0/lib/action_dispatch/middleware/templates/routes/_table.html.erb (11.8ms)
  Rendering /Users/jameshughes/.rvm/gems/ruby-2.3.1/gems/actionpack-5.0.0/lib/action_dispatch/middleware/templates/rescues/_request_and_response.html.erb
  Rendered /Users/jameshughes/.rvm/gems/ruby-2.3.1/gems/actionpack-5.0.0/lib/action_dispatch/middleware/templates/rescues/_request_and_response.html.erb (9.3ms)
  Rendered /Users/jameshughes/.rvm/gems/ruby-2.3.1/gems/actionpack-5.0.0/lib/action_dispatch/middleware/templates/rescues/routing_error.html.erb within rescues/layout (201.7ms)
Started GET "/contacts/new" for ::1 at 2018-01-18 13:27:44 -0500
  
ActionController::RoutingError (uninitialized constant ContactsController):
  
activesupport (5.0.0) lib/active_support/inflector/methods.rb:268:in `const_get'
activesupport (5.0.0) lib/active_support/inflector/methods.rb:268:in `block in constantize'
activesupport (5.0.0) lib/active_support/inflector/methods.rb:266:in `each'
activesupport (5.0.0) lib/active_support/inflector/methods.rb:266:in `inject'
activesupport (5.0.0) lib/active_support/inflector/methods.rb:266:in `constantize'
actionpack (5.0.0) lib/action_dispatch/http/request.rb:93:in `controller_class'
actionpack (5.0.0) lib/action_dispatch/routing/route_set.rb:44:in `controller'
actionpack (5.0.0) lib/action_dispatch/routing/route_set.rb:30:in `serve'
actionpack (5.0.0) lib/action_dispatch/journey/router.rb:39:in `block in serve'
actionpack (5.0.0) lib/action_dispatch/journey/router.rb:26:in `each'
actionpack (5.0.0) lib/action_dispatch/journey/router.rb:26:in `serve'
actionpack (5.0.0) lib/action_dispatch/routing/route_set.rb:725:in `call'
rack (2.0.3) lib/rack/etag.rb:25:in `call'
rack (2.0.3) lib/rack/conditional_get.rb:25:in `call'
rack (2.0.3) lib/rack/head.rb:12:in `call'
rack (2.0.3) lib/rack/session/abstract/id.rb:232:in `context'
rack (2.0.3) lib/rack/session/abstract/id.rb:226:in `call'
actionpack (5.0.0) lib/action_dispatch/middleware/cookies.rb:613:in `call'
activerecord (5.0.0) lib/active_record/migration.rb:552:in `call'
actionpack (5.0.0) lib/action_dispatch/middleware/callbacks.rb:38:in `block in call'
activesupport (5.0.0) lib/active_support/callbacks.rb:97:in `__run_callbacks__'
activesupport (5.0.0) lib/active_support/callbacks.rb:750:in `_run_call_callbacks'
activesupport (5.0.0) lib/active_support/callbacks.rb:90:in `run_callbacks'
actionpack (5.0.0) lib/action_dispatch/middleware/callbacks.rb:36:in `call'
actionpack (5.0.0) lib/action_dispatch/middleware/executor.rb:12:in `call'
actionpack (5.0.0) lib/action_dispatch/middleware/remote_ip.rb:79:in `call'
actionpack (5.0.0) lib/action_dispatch/middleware/debug_exceptions.rb:49:in `call'
web-console (3.3.0) lib/web_console/middleware.rb:131:in `call_app'
web-console (3.3.0) lib/web_console/middleware.rb:28:in `block in call'
web-console (3.3.0) lib/web_console/middleware.rb:18:in `catch'
web-console (3.3.0) lib/web_console/middleware.rb:18:in `call'
actionpack (5.0.0) lib/action_dispatch/middleware/show_exceptions.rb:31:in `call'
railties (5.0.0) lib/rails/rack/logger.rb:36:in `call_app'
railties (5.0.0) lib/rails/rack/logger.rb:24:in `block in call'
activesupport (5.0.0) lib/active_support/tagged_logging.rb:70:in `block in tagged'
activesupport (5.0.0) lib/active_support/tagged_logging.rb:26:in `tagged'
activesupport (5.0.0) lib/active_support/tagged_logging.rb:70:in `tagged'
railties (5.0.0) lib/rails/rack/logger.rb:24:in `call'
sprockets-rails (3.2.1) lib/sprockets/rails/quiet_assets.rb:13:in `call'
actionpack (5.0.0) lib/action_dispatch/middleware/request_id.rb:24:in `call'
rack (2.0.3) lib/rack/method_override.rb:22:in `call'
rack (2.0.3) lib/rack/runtime.rb:22:in `call'
activesupport (5.0.0) lib/active_support/cache/strategy/local_cache_middleware.rb:28:in `call'
actionpack (5.0.0) lib/action_dispatch/middleware/executor.rb:12:in `call'
actionpack (5.0.0) lib/action_dispatch/middleware/static.rb:136:in `call'
rack (2.0.3) lib/rack/sendfile.rb:111:in `call'
railties (5.0.0) lib/rails/engine.rb:522:in `call'
puma (3.4.0) lib/puma/configuration.rb:224:in `call'
puma (3.4.0) lib/puma/server.rb:569:in `handle_request'
puma (3.4.0) lib/puma/server.rb:406:in `process_client'
puma (3.4.0) lib/puma/server.rb:271:in `block in run'
puma (3.4.0) lib/puma/thread_pool.rb:114:in `block in spawn_thread'
  Rendering /Users/jameshughes/.rvm/gems/ruby-2.3.1/gems/actionpack-5.0.0/lib/action_dispatch/middleware/templates/rescues/routing_error.html.erb within rescues/layout
  Rendering /Users/jameshughes/.rvm/gems/ruby-2.3.1/gems/actionpack-5.0.0/lib/action_dispatch/middleware/templates/rescues/_trace.html.erb
  Rendered /Users/jameshughes/.rvm/gems/ruby-2.3.1/gems/actionpack-5.0.0/lib/action_dispatch/middleware/templates/rescues/_trace.html.erb (1.6ms)
  Rendered collection of /Users/jameshughes/.rvm/gems/ruby-2.3.1/gems/actionpack-5.0.0/lib/action_dispatch/middleware/templates/routes/_route.html.erb [10 times] (4.6ms)
  Rendered /Users/jameshughes/.rvm/gems/ruby-2.3.1/gems/actionpack-5.0.0/lib/action_dispatch/middleware/templates/routes/_table.html.erb (8.5ms)
  Rendering /Users/jameshughes/.rvm/gems/ruby-2.3.1/gems/actionpack-5.0.0/lib/action_dispatch/middleware/templates/rescues/_request_and_response.html.erb
  Rendered /Users/jameshughes/.rvm/gems/ruby-2.3.1/gems/actionpack-5.0.0/lib/action_dispatch/middleware/templates/rescues/_request_and_response.html.erb (9.6ms)
  Rendered /Users/jameshughes/.rvm/gems/ruby-2.3.1/gems/actionpack-5.0.0/lib/action_dispatch/middleware/templates/rescues/routing_error.html.erb within rescues/layout (178.0ms)
Started GET "/contacts/new" for ::1 at 2018-01-18 13:30:35 -0500
  
ActionController::RoutingError (uninitialized constant ContactsController):
  
activesupport (5.0.0) lib/active_support/inflector/methods.rb:268:in `const_get'
activesupport (5.0.0) lib/active_support/inflector/methods.rb:268:in `block in constantize'
activesupport (5.0.0) lib/active_support/inflector/methods.rb:266:in `each'
activesupport (5.0.0) lib/active_support/inflector/methods.rb:266:in `inject'
activesupport (5.0.0) lib/active_support/inflector/methods.rb:266:in `constantize'
actionpack (5.0.0) lib/action_dispatch/http/request.rb:93:in `controller_class'
actionpack (5.0.0) lib/action_dispatch/routing/route_set.rb:44:in `controller'
actionpack (5.0.0) lib/action_dispatch/routing/route_set.rb:30:in `serve'
actionpack (5.0.0) lib/action_dispatch/journey/router.rb:39:in `block in serve'
actionpack (5.0.0) lib/action_dispatch/journey/router.rb:26:in `each'
actionpack (5.0.0) lib/action_dispatch/journey/router.rb:26:in `serve'
actionpack (5.0.0) lib/action_dispatch/routing/route_set.rb:725:in `call'
rack (2.0.3) lib/rack/etag.rb:25:in `call'
rack (2.0.3) lib/rack/conditional_get.rb:25:in `call'
rack (2.0.3) lib/rack/head.rb:12:in `call'
rack (2.0.3) lib/rack/session/abstract/id.rb:232:in `context'
rack (2.0.3) lib/rack/session/abstract/id.rb:226:in `call'
actionpack (5.0.0) lib/action_dispatch/middleware/cookies.rb:613:in `call'
activerecord (5.0.0) lib/active_record/migration.rb:552:in `call'
actionpack (5.0.0) lib/action_dispatch/middleware/callbacks.rb:38:in `block in call'
activesupport (5.0.0) lib/active_support/callbacks.rb:97:in `__run_callbacks__'
activesupport (5.0.0) lib/active_support/callbacks.rb:750:in `_run_call_callbacks'
activesupport (5.0.0) lib/active_support/callbacks.rb:90:in `run_callbacks'
actionpack (5.0.0) lib/action_dispatch/middleware/callbacks.rb:36:in `call'
actionpack (5.0.0) lib/action_dispatch/middleware/executor.rb:12:in `call'
actionpack (5.0.0) lib/action_dispatch/middleware/remote_ip.rb:79:in `call'
actionpack (5.0.0) lib/action_dispatch/middleware/debug_exceptions.rb:49:in `call'
web-console (3.3.0) lib/web_console/middleware.rb:131:in `call_app'
web-console (3.3.0) lib/web_console/middleware.rb:28:in `block in call'
web-console (3.3.0) lib/web_console/middleware.rb:18:in `catch'
web-console (3.3.0) lib/web_console/middleware.rb:18:in `call'
actionpack (5.0.0) lib/action_dispatch/middleware/show_exceptions.rb:31:in `call'
railties (5.0.0) lib/rails/rack/logger.rb:36:in `call_app'
railties (5.0.0) lib/rails/rack/logger.rb:24:in `block in call'
activesupport (5.0.0) lib/active_support/tagged_logging.rb:70:in `block in tagged'
activesupport (5.0.0) lib/active_support/tagged_logging.rb:26:in `tagged'
activesupport (5.0.0) lib/active_support/tagged_logging.rb:70:in `tagged'
railties (5.0.0) lib/rails/rack/logger.rb:24:in `call'
sprockets-rails (3.2.1) lib/sprockets/rails/quiet_assets.rb:13:in `call'
actionpack (5.0.0) lib/action_dispatch/middleware/request_id.rb:24:in `call'
rack (2.0.3) lib/rack/method_override.rb:22:in `call'
rack (2.0.3) lib/rack/runtime.rb:22:in `call'
activesupport (5.0.0) lib/active_support/cache/strategy/local_cache_middleware.rb:28:in `call'
actionpack (5.0.0) lib/action_dispatch/middleware/executor.rb:12:in `call'
actionpack (5.0.0) lib/action_dispatch/middleware/static.rb:136:in `call'
rack (2.0.3) lib/rack/sendfile.rb:111:in `call'
railties (5.0.0) lib/rails/engine.rb:522:in `call'
puma (3.4.0) lib/puma/configuration.rb:224:in `call'
puma (3.4.0) lib/puma/server.rb:569:in `handle_request'
puma (3.4.0) lib/puma/server.rb:406:in `process_client'
puma (3.4.0) lib/puma/server.rb:271:in `block in run'
puma (3.4.0) lib/puma/thread_pool.rb:114:in `block in spawn_thread'
  Rendering /Users/jameshughes/.rvm/gems/ruby-2.3.1/gems/actionpack-5.0.0/lib/action_dispatch/middleware/templates/rescues/routing_error.html.erb within rescues/layout
  Rendering /Users/jameshughes/.rvm/gems/ruby-2.3.1/gems/actionpack-5.0.0/lib/action_dispatch/middleware/templates/rescues/_trace.html.erb
  Rendered /Users/jameshughes/.rvm/gems/ruby-2.3.1/gems/actionpack-5.0.0/lib/action_dispatch/middleware/templates/rescues/_trace.html.erb (1.6ms)
  Rendered collection of /Users/jameshughes/.rvm/gems/ruby-2.3.1/gems/actionpack-5.0.0/lib/action_dispatch/middleware/templates/routes/_route.html.erb [10 times] (4.9ms)
  Rendered /Users/jameshughes/.rvm/gems/ruby-2.3.1/gems/actionpack-5.0.0/lib/action_dispatch/middleware/templates/routes/_table.html.erb (7.9ms)
  Rendering /Users/jameshughes/.rvm/gems/ruby-2.3.1/gems/actionpack-5.0.0/lib/action_dispatch/middleware/templates/rescues/_request_and_response.html.erb
  Rendered /Users/jameshughes/.rvm/gems/ruby-2.3.1/gems/actionpack-5.0.0/lib/action_dispatch/middleware/templates/rescues/_request_and_response.html.erb (9.3ms)
  Rendered /Users/jameshughes/.rvm/gems/ruby-2.3.1/gems/actionpack-5.0.0/lib/action_dispatch/middleware/templates/rescues/routing_error.html.erb within rescues/layout (174.8ms)
Started POST "/__web_console/repl_sessions/a97ebdf9d0fcb72f64ca36928f49c9c2/trace" for ::1 at 2018-01-18 13:30:45 -0500
Started GET "/contacts/new" for ::1 at 2018-01-18 13:32:09 -0500
  
SyntaxError (/Users/jameshughes/wdi/Udemy/complete-web-developer-course/devmatch_saas/config/routes.rb:5: syntax error, unexpected keyword_end):
  
config/routes.rb:5: syntax error, unexpected keyword_end
  Rendering /Users/jameshughes/.rvm/gems/ruby-2.3.1/gems/actionpack-5.0.0/lib/action_dispatch/middleware/templates/rescues/diagnostics.html.erb within rescues/layout
  Rendering /Users/jameshughes/.rvm/gems/ruby-2.3.1/gems/actionpack-5.0.0/lib/action_dispatch/middleware/templates/rescues/_source.html.erb
  Rendered /Users/jameshughes/.rvm/gems/ruby-2.3.1/gems/actionpack-5.0.0/lib/action_dispatch/middleware/templates/rescues/_source.html.erb (2.6ms)
  Rendering /Users/jameshughes/.rvm/gems/ruby-2.3.1/gems/actionpack-5.0.0/lib/action_dispatch/middleware/templates/rescues/_trace.html.erb
  Rendered /Users/jameshughes/.rvm/gems/ruby-2.3.1/gems/actionpack-5.0.0/lib/action_dispatch/middleware/templates/rescues/_trace.html.erb (1.4ms)
  Rendering /Users/jameshughes/.rvm/gems/ruby-2.3.1/gems/actionpack-5.0.0/lib/action_dispatch/middleware/templates/rescues/_request_and_response.html.erb
  Rendered /Users/jameshughes/.rvm/gems/ruby-2.3.1/gems/actionpack-5.0.0/lib/action_dispatch/middleware/templates/rescues/_request_and_response.html.erb (0.7ms)
  Rendered /Users/jameshughes/.rvm/gems/ruby-2.3.1/gems/actionpack-5.0.0/lib/action_dispatch/middleware/templates/rescues/diagnostics.html.erb within rescues/layout (115.4ms)
Started GET "/contacts/new" for ::1 at 2018-01-18 13:32:40 -0500
  
ActionController::RoutingError (uninitialized constant ContactsController):
  
activesupport (5.0.0) lib/active_support/inflector/methods.rb:268:in `const_get'
activesupport (5.0.0) lib/active_support/inflector/methods.rb:268:in `block in constantize'
activesupport (5.0.0) lib/active_support/inflector/methods.rb:266:in `each'
activesupport (5.0.0) lib/active_support/inflector/methods.rb:266:in `inject'
activesupport (5.0.0) lib/active_support/inflector/methods.rb:266:in `constantize'
actionpack (5.0.0) lib/action_dispatch/http/request.rb:93:in `controller_class'
actionpack (5.0.0) lib/action_dispatch/routing/route_set.rb:44:in `controller'
actionpack (5.0.0) lib/action_dispatch/routing/route_set.rb:30:in `serve'
actionpack (5.0.0) lib/action_dispatch/journey/router.rb:39:in `block in serve'
actionpack (5.0.0) lib/action_dispatch/journey/router.rb:26:in `each'
actionpack (5.0.0) lib/action_dispatch/journey/router.rb:26:in `serve'
actionpack (5.0.0) lib/action_dispatch/routing/route_set.rb:725:in `call'
rack (2.0.3) lib/rack/etag.rb:25:in `call'
rack (2.0.3) lib/rack/conditional_get.rb:25:in `call'
rack (2.0.3) lib/rack/head.rb:12:in `call'
rack (2.0.3) lib/rack/session/abstract/id.rb:232:in `context'
rack (2.0.3) lib/rack/session/abstract/id.rb:226:in `call'
actionpack (5.0.0) lib/action_dispatch/middleware/cookies.rb:613:in `call'
activerecord (5.0.0) lib/active_record/migration.rb:552:in `call'
actionpack (5.0.0) lib/action_dispatch/middleware/callbacks.rb:38:in `block in call'
activesupport (5.0.0) lib/active_support/callbacks.rb:97:in `__run_callbacks__'
activesupport (5.0.0) lib/active_support/callbacks.rb:750:in `_run_call_callbacks'
activesupport (5.0.0) lib/active_support/callbacks.rb:90:in `run_callbacks'
actionpack (5.0.0) lib/action_dispatch/middleware/callbacks.rb:36:in `call'
actionpack (5.0.0) lib/action_dispatch/middleware/executor.rb:12:in `call'
actionpack (5.0.0) lib/action_dispatch/middleware/remote_ip.rb:79:in `call'
actionpack (5.0.0) lib/action_dispatch/middleware/debug_exceptions.rb:49:in `call'
web-console (3.3.0) lib/web_console/middleware.rb:131:in `call_app'
web-console (3.3.0) lib/web_console/middleware.rb:28:in `block in call'
web-console (3.3.0) lib/web_console/middleware.rb:18:in `catch'
web-console (3.3.0) lib/web_console/middleware.rb:18:in `call'
actionpack (5.0.0) lib/action_dispatch/middleware/show_exceptions.rb:31:in `call'
railties (5.0.0) lib/rails/rack/logger.rb:36:in `call_app'
railties (5.0.0) lib/rails/rack/logger.rb:24:in `block in call'
activesupport (5.0.0) lib/active_support/tagged_logging.rb:70:in `block in tagged'
activesupport (5.0.0) lib/active_support/tagged_logging.rb:26:in `tagged'
activesupport (5.0.0) lib/active_support/tagged_logging.rb:70:in `tagged'
railties (5.0.0) lib/rails/rack/logger.rb:24:in `call'
sprockets-rails (3.2.1) lib/sprockets/rails/quiet_assets.rb:13:in `call'
actionpack (5.0.0) lib/action_dispatch/middleware/request_id.rb:24:in `call'
rack (2.0.3) lib/rack/method_override.rb:22:in `call'
rack (2.0.3) lib/rack/runtime.rb:22:in `call'
activesupport (5.0.0) lib/active_support/cache/strategy/local_cache_middleware.rb:28:in `call'
actionpack (5.0.0) lib/action_dispatch/middleware/executor.rb:12:in `call'
actionpack (5.0.0) lib/action_dispatch/middleware/static.rb:136:in `call'
rack (2.0.3) lib/rack/sendfile.rb:111:in `call'
railties (5.0.0) lib/rails/engine.rb:522:in `call'
puma (3.4.0) lib/puma/configuration.rb:224:in `call'
puma (3.4.0) lib/puma/server.rb:569:in `handle_request'
puma (3.4.0) lib/puma/server.rb:406:in `process_client'
puma (3.4.0) lib/puma/server.rb:271:in `block in run'
puma (3.4.0) lib/puma/thread_pool.rb:114:in `block in spawn_thread'
  Rendering /Users/jameshughes/.rvm/gems/ruby-2.3.1/gems/actionpack-5.0.0/lib/action_dispatch/middleware/templates/rescues/routing_error.html.erb within rescues/layout
  Rendering /Users/jameshughes/.rvm/gems/ruby-2.3.1/gems/actionpack-5.0.0/lib/action_dispatch/middleware/templates/rescues/_trace.html.erb
  Rendered /Users/jameshughes/.rvm/gems/ruby-2.3.1/gems/actionpack-5.0.0/lib/action_dispatch/middleware/templates/rescues/_trace.html.erb (1.4ms)
  Rendered collection of /Users/jameshughes/.rvm/gems/ruby-2.3.1/gems/actionpack-5.0.0/lib/action_dispatch/middleware/templates/routes/_route.html.erb [10 times] (3.4ms)
  Rendered /Users/jameshughes/.rvm/gems/ruby-2.3.1/gems/actionpack-5.0.0/lib/action_dispatch/middleware/templates/routes/_table.html.erb (1.1ms)
  Rendering /Users/jameshughes/.rvm/gems/ruby-2.3.1/gems/actionpack-5.0.0/lib/action_dispatch/middleware/templates/rescues/_request_and_response.html.erb
  Rendered /Users/jameshughes/.rvm/gems/ruby-2.3.1/gems/actionpack-5.0.0/lib/action_dispatch/middleware/templates/rescues/_request_and_response.html.erb (1.0ms)
  Rendered /Users/jameshughes/.rvm/gems/ruby-2.3.1/gems/actionpack-5.0.0/lib/action_dispatch/middleware/templates/rescues/routing_error.html.erb within rescues/layout (151.3ms)
Started GET "/contacts" for ::1 at 2018-01-18 13:32:44 -0500
  
ActionController::RoutingError (uninitialized constant ContactsController):
  
activesupport (5.0.0) lib/active_support/inflector/methods.rb:268:in `const_get'
activesupport (5.0.0) lib/active_support/inflector/methods.rb:268:in `block in constantize'
activesupport (5.0.0) lib/active_support/inflector/methods.rb:266:in `each'
activesupport (5.0.0) lib/active_support/inflector/methods.rb:266:in `inject'
activesupport (5.0.0) lib/active_support/inflector/methods.rb:266:in `constantize'
actionpack (5.0.0) lib/action_dispatch/http/request.rb:93:in `controller_class'
actionpack (5.0.0) lib/action_dispatch/routing/route_set.rb:44:in `controller'
actionpack (5.0.0) lib/action_dispatch/routing/route_set.rb:30:in `serve'
actionpack (5.0.0) lib/action_dispatch/journey/router.rb:39:in `block in serve'
actionpack (5.0.0) lib/action_dispatch/journey/router.rb:26:in `each'
actionpack (5.0.0) lib/action_dispatch/journey/router.rb:26:in `serve'
actionpack (5.0.0) lib/action_dispatch/routing/route_set.rb:725:in `call'
rack (2.0.3) lib/rack/etag.rb:25:in `call'
rack (2.0.3) lib/rack/conditional_get.rb:25:in `call'
rack (2.0.3) lib/rack/head.rb:12:in `call'
rack (2.0.3) lib/rack/session/abstract/id.rb:232:in `context'
rack (2.0.3) lib/rack/session/abstract/id.rb:226:in `call'
actionpack (5.0.0) lib/action_dispatch/middleware/cookies.rb:613:in `call'
activerecord (5.0.0) lib/active_record/migration.rb:552:in `call'
actionpack (5.0.0) lib/action_dispatch/middleware/callbacks.rb:38:in `block in call'
activesupport (5.0.0) lib/active_support/callbacks.rb:97:in `__run_callbacks__'
activesupport (5.0.0) lib/active_support/callbacks.rb:750:in `_run_call_callbacks'
activesupport (5.0.0) lib/active_support/callbacks.rb:90:in `run_callbacks'
actionpack (5.0.0) lib/action_dispatch/middleware/callbacks.rb:36:in `call'
actionpack (5.0.0) lib/action_dispatch/middleware/executor.rb:12:in `call'
actionpack (5.0.0) lib/action_dispatch/middleware/remote_ip.rb:79:in `call'
actionpack (5.0.0) lib/action_dispatch/middleware/debug_exceptions.rb:49:in `call'
web-console (3.3.0) lib/web_console/middleware.rb:131:in `call_app'
web-console (3.3.0) lib/web_console/middleware.rb:28:in `block in call'
web-console (3.3.0) lib/web_console/middleware.rb:18:in `catch'
web-console (3.3.0) lib/web_console/middleware.rb:18:in `call'
actionpack (5.0.0) lib/action_dispatch/middleware/show_exceptions.rb:31:in `call'
railties (5.0.0) lib/rails/rack/logger.rb:36:in `call_app'
railties (5.0.0) lib/rails/rack/logger.rb:24:in `block in call'
activesupport (5.0.0) lib/active_support/tagged_logging.rb:70:in `block in tagged'
activesupport (5.0.0) lib/active_support/tagged_logging.rb:26:in `tagged'
activesupport (5.0.0) lib/active_support/tagged_logging.rb:70:in `tagged'
railties (5.0.0) lib/rails/rack/logger.rb:24:in `call'
sprockets-rails (3.2.1) lib/sprockets/rails/quiet_assets.rb:13:in `call'
actionpack (5.0.0) lib/action_dispatch/middleware/request_id.rb:24:in `call'
rack (2.0.3) lib/rack/method_override.rb:22:in `call'
rack (2.0.3) lib/rack/runtime.rb:22:in `call'
activesupport (5.0.0) lib/active_support/cache/strategy/local_cache_middleware.rb:28:in `call'
actionpack (5.0.0) lib/action_dispatch/middleware/executor.rb:12:in `call'
actionpack (5.0.0) lib/action_dispatch/middleware/static.rb:136:in `call'
rack (2.0.3) lib/rack/sendfile.rb:111:in `call'
railties (5.0.0) lib/rails/engine.rb:522:in `call'
puma (3.4.0) lib/puma/configuration.rb:224:in `call'
puma (3.4.0) lib/puma/server.rb:569:in `handle_request'
puma (3.4.0) lib/puma/server.rb:406:in `process_client'
puma (3.4.0) lib/puma/server.rb:271:in `block in run'
puma (3.4.0) lib/puma/thread_pool.rb:114:in `block in spawn_thread'
  Rendering /Users/jameshughes/.rvm/gems/ruby-2.3.1/gems/actionpack-5.0.0/lib/action_dispatch/middleware/templates/rescues/routing_error.html.erb within rescues/layout
  Rendering /Users/jameshughes/.rvm/gems/ruby-2.3.1/gems/actionpack-5.0.0/lib/action_dispatch/middleware/templates/rescues/_trace.html.erb
  Rendered /Users/jameshughes/.rvm/gems/ruby-2.3.1/gems/actionpack-5.0.0/lib/action_dispatch/middleware/templates/rescues/_trace.html.erb (1.5ms)
  Rendered collection of /Users/jameshughes/.rvm/gems/ruby-2.3.1/gems/actionpack-5.0.0/lib/action_dispatch/middleware/templates/routes/_route.html.erb [10 times] (3.3ms)
  Rendered /Users/jameshughes/.rvm/gems/ruby-2.3.1/gems/actionpack-5.0.0/lib/action_dispatch/middleware/templates/routes/_table.html.erb (1.2ms)
  Rendering /Users/jameshughes/.rvm/gems/ruby-2.3.1/gems/actionpack-5.0.0/lib/action_dispatch/middleware/templates/rescues/_request_and_response.html.erb
  Rendered /Users/jameshughes/.rvm/gems/ruby-2.3.1/gems/actionpack-5.0.0/lib/action_dispatch/middleware/templates/rescues/_request_and_response.html.erb (1.0ms)
  Rendered /Users/jameshughes/.rvm/gems/ruby-2.3.1/gems/actionpack-5.0.0/lib/action_dispatch/middleware/templates/rescues/routing_error.html.erb within rescues/layout (151.0ms)
Started GET "/contacts" for ::1 at 2018-01-18 13:40:32 -0500
  
ActionController::RoutingError (uninitialized constant ContactsController):
  
activesupport (5.0.0) lib/active_support/inflector/methods.rb:268:in `const_get'
activesupport (5.0.0) lib/active_support/inflector/methods.rb:268:in `block in constantize'
activesupport (5.0.0) lib/active_support/inflector/methods.rb:266:in `each'
activesupport (5.0.0) lib/active_support/inflector/methods.rb:266:in `inject'
activesupport (5.0.0) lib/active_support/inflector/methods.rb:266:in `constantize'
actionpack (5.0.0) lib/action_dispatch/http/request.rb:93:in `controller_class'
actionpack (5.0.0) lib/action_dispatch/routing/route_set.rb:44:in `controller'
actionpack (5.0.0) lib/action_dispatch/routing/route_set.rb:30:in `serve'
actionpack (5.0.0) lib/action_dispatch/journey/router.rb:39:in `block in serve'
actionpack (5.0.0) lib/action_dispatch/journey/router.rb:26:in `each'
actionpack (5.0.0) lib/action_dispatch/journey/router.rb:26:in `serve'
actionpack (5.0.0) lib/action_dispatch/routing/route_set.rb:725:in `call'
rack (2.0.3) lib/rack/etag.rb:25:in `call'
rack (2.0.3) lib/rack/conditional_get.rb:25:in `call'
rack (2.0.3) lib/rack/head.rb:12:in `call'
rack (2.0.3) lib/rack/session/abstract/id.rb:232:in `context'
rack (2.0.3) lib/rack/session/abstract/id.rb:226:in `call'
actionpack (5.0.0) lib/action_dispatch/middleware/cookies.rb:613:in `call'
activerecord (5.0.0) lib/active_record/migration.rb:552:in `call'
actionpack (5.0.0) lib/action_dispatch/middleware/callbacks.rb:38:in `block in call'
activesupport (5.0.0) lib/active_support/callbacks.rb:97:in `__run_callbacks__'
activesupport (5.0.0) lib/active_support/callbacks.rb:750:in `_run_call_callbacks'
activesupport (5.0.0) lib/active_support/callbacks.rb:90:in `run_callbacks'
actionpack (5.0.0) lib/action_dispatch/middleware/callbacks.rb:36:in `call'
actionpack (5.0.0) lib/action_dispatch/middleware/executor.rb:12:in `call'
actionpack (5.0.0) lib/action_dispatch/middleware/remote_ip.rb:79:in `call'
actionpack (5.0.0) lib/action_dispatch/middleware/debug_exceptions.rb:49:in `call'
web-console (3.3.0) lib/web_console/middleware.rb:131:in `call_app'
web-console (3.3.0) lib/web_console/middleware.rb:28:in `block in call'
web-console (3.3.0) lib/web_console/middleware.rb:18:in `catch'
web-console (3.3.0) lib/web_console/middleware.rb:18:in `call'
actionpack (5.0.0) lib/action_dispatch/middleware/show_exceptions.rb:31:in `call'
railties (5.0.0) lib/rails/rack/logger.rb:36:in `call_app'
railties (5.0.0) lib/rails/rack/logger.rb:24:in `block in call'
activesupport (5.0.0) lib/active_support/tagged_logging.rb:70:in `block in tagged'
activesupport (5.0.0) lib/active_support/tagged_logging.rb:26:in `tagged'
activesupport (5.0.0) lib/active_support/tagged_logging.rb:70:in `tagged'
railties (5.0.0) lib/rails/rack/logger.rb:24:in `call'
sprockets-rails (3.2.1) lib/sprockets/rails/quiet_assets.rb:13:in `call'
actionpack (5.0.0) lib/action_dispatch/middleware/request_id.rb:24:in `call'
rack (2.0.3) lib/rack/method_override.rb:22:in `call'
rack (2.0.3) lib/rack/runtime.rb:22:in `call'
activesupport (5.0.0) lib/active_support/cache/strategy/local_cache_middleware.rb:28:in `call'
actionpack (5.0.0) lib/action_dispatch/middleware/executor.rb:12:in `call'
actionpack (5.0.0) lib/action_dispatch/middleware/static.rb:136:in `call'
rack (2.0.3) lib/rack/sendfile.rb:111:in `call'
railties (5.0.0) lib/rails/engine.rb:522:in `call'
puma (3.4.0) lib/puma/configuration.rb:224:in `call'
puma (3.4.0) lib/puma/server.rb:569:in `handle_request'
puma (3.4.0) lib/puma/server.rb:406:in `process_client'
puma (3.4.0) lib/puma/server.rb:271:in `block in run'
puma (3.4.0) lib/puma/thread_pool.rb:114:in `block in spawn_thread'
  Rendering /Users/jameshughes/.rvm/gems/ruby-2.3.1/gems/actionpack-5.0.0/lib/action_dispatch/middleware/templates/rescues/routing_error.html.erb within rescues/layout
  Rendering /Users/jameshughes/.rvm/gems/ruby-2.3.1/gems/actionpack-5.0.0/lib/action_dispatch/middleware/templates/rescues/_trace.html.erb
  Rendered /Users/jameshughes/.rvm/gems/ruby-2.3.1/gems/actionpack-5.0.0/lib/action_dispatch/middleware/templates/rescues/_trace.html.erb (1.7ms)
  Rendered collection of /Users/jameshughes/.rvm/gems/ruby-2.3.1/gems/actionpack-5.0.0/lib/action_dispatch/middleware/templates/routes/_route.html.erb [10 times] (3.2ms)
  Rendered /Users/jameshughes/.rvm/gems/ruby-2.3.1/gems/actionpack-5.0.0/lib/action_dispatch/middleware/templates/routes/_table.html.erb (1.1ms)
  Rendering /Users/jameshughes/.rvm/gems/ruby-2.3.1/gems/actionpack-5.0.0/lib/action_dispatch/middleware/templates/rescues/_request_and_response.html.erb
  Rendered /Users/jameshughes/.rvm/gems/ruby-2.3.1/gems/actionpack-5.0.0/lib/action_dispatch/middleware/templates/rescues/_request_and_response.html.erb (1.4ms)
  Rendered /Users/jameshughes/.rvm/gems/ruby-2.3.1/gems/actionpack-5.0.0/lib/action_dispatch/middleware/templates/rescues/routing_error.html.erb within rescues/layout (152.6ms)
Started GET "/contacts" for ::1 at 2018-01-18 13:41:24 -0500
  
AbstractController::ActionNotFound (The action 'index' could not be found for ContactsController):
  
actionpack (5.0.0) lib/abstract_controller/base.rb:121:in `process'
actionview (5.0.0) lib/action_view/rendering.rb:30:in `process'
actionpack (5.0.0) lib/action_controller/metal.rb:190:in `dispatch'
actionpack (5.0.0) lib/action_controller/metal.rb:262:in `dispatch'
actionpack (5.0.0) lib/action_dispatch/routing/route_set.rb:50:in `dispatch'
actionpack (5.0.0) lib/action_dispatch/routing/route_set.rb:32:in `serve'
actionpack (5.0.0) lib/action_dispatch/journey/router.rb:39:in `block in serve'
actionpack (5.0.0) lib/action_dispatch/journey/router.rb:26:in `each'
actionpack (5.0.0) lib/action_dispatch/journey/router.rb:26:in `serve'
actionpack (5.0.0) lib/action_dispatch/routing/route_set.rb:725:in `call'
rack (2.0.3) lib/rack/etag.rb:25:in `call'
rack (2.0.3) lib/rack/conditional_get.rb:25:in `call'
rack (2.0.3) lib/rack/head.rb:12:in `call'
rack (2.0.3) lib/rack/session/abstract/id.rb:232:in `context'
rack (2.0.3) lib/rack/session/abstract/id.rb:226:in `call'
actionpack (5.0.0) lib/action_dispatch/middleware/cookies.rb:613:in `call'
activerecord (5.0.0) lib/active_record/migration.rb:552:in `call'
actionpack (5.0.0) lib/action_dispatch/middleware/callbacks.rb:38:in `block in call'
activesupport (5.0.0) lib/active_support/callbacks.rb:97:in `__run_callbacks__'
activesupport (5.0.0) lib/active_support/callbacks.rb:750:in `_run_call_callbacks'
activesupport (5.0.0) lib/active_support/callbacks.rb:90:in `run_callbacks'
actionpack (5.0.0) lib/action_dispatch/middleware/callbacks.rb:36:in `call'
actionpack (5.0.0) lib/action_dispatch/middleware/executor.rb:12:in `call'
actionpack (5.0.0) lib/action_dispatch/middleware/remote_ip.rb:79:in `call'
actionpack (5.0.0) lib/action_dispatch/middleware/debug_exceptions.rb:49:in `call'
web-console (3.3.0) lib/web_console/middleware.rb:131:in `call_app'
web-console (3.3.0) lib/web_console/middleware.rb:28:in `block in call'
web-console (3.3.0) lib/web_console/middleware.rb:18:in `catch'
web-console (3.3.0) lib/web_console/middleware.rb:18:in `call'
actionpack (5.0.0) lib/action_dispatch/middleware/show_exceptions.rb:31:in `call'
railties (5.0.0) lib/rails/rack/logger.rb:36:in `call_app'
railties (5.0.0) lib/rails/rack/logger.rb:24:in `block in call'
activesupport (5.0.0) lib/active_support/tagged_logging.rb:70:in `block in tagged'
activesupport (5.0.0) lib/active_support/tagged_logging.rb:26:in `tagged'
activesupport (5.0.0) lib/active_support/tagged_logging.rb:70:in `tagged'
railties (5.0.0) lib/rails/rack/logger.rb:24:in `call'
sprockets-rails (3.2.1) lib/sprockets/rails/quiet_assets.rb:13:in `call'
actionpack (5.0.0) lib/action_dispatch/middleware/request_id.rb:24:in `call'
rack (2.0.3) lib/rack/method_override.rb:22:in `call'
rack (2.0.3) lib/rack/runtime.rb:22:in `call'
activesupport (5.0.0) lib/active_support/cache/strategy/local_cache_middleware.rb:28:in `call'
actionpack (5.0.0) lib/action_dispatch/middleware/executor.rb:12:in `call'
actionpack (5.0.0) lib/action_dispatch/middleware/static.rb:136:in `call'
rack (2.0.3) lib/rack/sendfile.rb:111:in `call'
railties (5.0.0) lib/rails/engine.rb:522:in `call'
puma (3.4.0) lib/puma/configuration.rb:224:in `call'
puma (3.4.0) lib/puma/server.rb:569:in `handle_request'
puma (3.4.0) lib/puma/server.rb:406:in `process_client'
puma (3.4.0) lib/puma/server.rb:271:in `block in run'
puma (3.4.0) lib/puma/thread_pool.rb:114:in `block in spawn_thread'
  Rendering /Users/jameshughes/.rvm/gems/ruby-2.3.1/gems/actionpack-5.0.0/lib/action_dispatch/middleware/templates/rescues/unknown_action.html.erb within rescues/layout
  Rendered /Users/jameshughes/.rvm/gems/ruby-2.3.1/gems/actionpack-5.0.0/lib/action_dispatch/middleware/templates/rescues/unknown_action.html.erb within rescues/layout (0.4ms)
Started GET "/" for ::1 at 2018-01-18 13:41:34 -0500
Processing by PagesController#home as HTML
  Rendering pages/home.html.erb within layouts/application
  Rendered pages/home.html.erb within layouts/application (0.3ms)
Completed 200 OK in 442ms (Views: 438.3ms | ActiveRecord: 0.0ms)


Started GET "/contacts/new" for ::1 at 2018-01-18 13:41:47 -0500
Processing by ContactsController#new as HTML
  Rendering contacts/new.html.erb within layouts/application
  Rendered contacts/new.html.erb within layouts/application (0.4ms)
Completed 200 OK in 95ms (Views: 90.7ms | ActiveRecord: 0.0ms)


Started GET "/contacts/new" for ::1 at 2018-01-18 13:47:35 -0500
Processing by ContactsController#new as HTML
  Rendering contacts/new.html.erb within layouts/application
  Rendered contacts/new.html.erb within layouts/application (1.2ms)
Completed 200 OK in 70ms (Views: 67.1ms | ActiveRecord: 0.0ms)


Started GET "/contacts/new" for ::1 at 2018-01-18 13:50:10 -0500
Processing by ContactsController#new as HTML
  Rendering contacts/new.html.erb within layouts/application
  Rendered contacts/new.html.erb within layouts/application (0.3ms)
Completed 200 OK in 65ms (Views: 61.5ms | ActiveRecord: 0.0ms)


Started GET "/contacts/new" for ::1 at 2018-01-18 13:51:06 -0500
Processing by ContactsController#new as HTML
  Rendering contacts/new.html.erb within layouts/application
  Rendered contacts/new.html.erb within layouts/application (0.5ms)
Completed 200 OK in 71ms (Views: 68.1ms | ActiveRecord: 0.0ms)


Started GET "/contacts/new" for ::1 at 2018-01-18 13:51:20 -0500
Processing by ContactsController#new as HTML
  Rendering contacts/new.html.erb within layouts/application
  Rendered contacts/new.html.erb within layouts/application (0.4ms)
Completed 200 OK in 61ms (Views: 57.6ms | ActiveRecord: 0.0ms)


Started GET "/contacts/new" for ::1 at 2018-01-18 13:55:13 -0500
Processing by ContactsController#new as HTML
  Rendering contacts/new.html.erb within layouts/application
  Rendered contacts/new.html.erb within layouts/application (7.7ms)
Completed 200 OK in 68ms (Views: 65.5ms | ActiveRecord: 0.0ms)


Started POST "/contacts/new" for ::1 at 2018-01-18 13:55:17 -0500
  
ActionController::RoutingError (No route matches [POST] "/contacts/new"):
  
actionpack (5.0.0) lib/action_dispatch/middleware/debug_exceptions.rb:53:in `call'
web-console (3.3.0) lib/web_console/middleware.rb:131:in `call_app'
web-console (3.3.0) lib/web_console/middleware.rb:28:in `block in call'
web-console (3.3.0) lib/web_console/middleware.rb:18:in `catch'
web-console (3.3.0) lib/web_console/middleware.rb:18:in `call'
actionpack (5.0.0) lib/action_dispatch/middleware/show_exceptions.rb:31:in `call'
railties (5.0.0) lib/rails/rack/logger.rb:36:in `call_app'
railties (5.0.0) lib/rails/rack/logger.rb:24:in `block in call'
activesupport (5.0.0) lib/active_support/tagged_logging.rb:70:in `block in tagged'
activesupport (5.0.0) lib/active_support/tagged_logging.rb:26:in `tagged'
activesupport (5.0.0) lib/active_support/tagged_logging.rb:70:in `tagged'
railties (5.0.0) lib/rails/rack/logger.rb:24:in `call'
sprockets-rails (3.2.1) lib/sprockets/rails/quiet_assets.rb:13:in `call'
actionpack (5.0.0) lib/action_dispatch/middleware/request_id.rb:24:in `call'
rack (2.0.3) lib/rack/method_override.rb:22:in `call'
rack (2.0.3) lib/rack/runtime.rb:22:in `call'
activesupport (5.0.0) lib/active_support/cache/strategy/local_cache_middleware.rb:28:in `call'
actionpack (5.0.0) lib/action_dispatch/middleware/executor.rb:12:in `call'
actionpack (5.0.0) lib/action_dispatch/middleware/static.rb:136:in `call'
rack (2.0.3) lib/rack/sendfile.rb:111:in `call'
railties (5.0.0) lib/rails/engine.rb:522:in `call'
puma (3.4.0) lib/puma/configuration.rb:224:in `call'
puma (3.4.0) lib/puma/server.rb:569:in `handle_request'
puma (3.4.0) lib/puma/server.rb:406:in `process_client'
puma (3.4.0) lib/puma/server.rb:271:in `block in run'
puma (3.4.0) lib/puma/thread_pool.rb:114:in `block in spawn_thread'
  Rendering /Users/jameshughes/.rvm/gems/ruby-2.3.1/gems/actionpack-5.0.0/lib/action_dispatch/middleware/templates/rescues/routing_error.html.erb within rescues/layout
  Rendering /Users/jameshughes/.rvm/gems/ruby-2.3.1/gems/actionpack-5.0.0/lib/action_dispatch/middleware/templates/rescues/_trace.html.erb
  Rendered /Users/jameshughes/.rvm/gems/ruby-2.3.1/gems/actionpack-5.0.0/lib/action_dispatch/middleware/templates/rescues/_trace.html.erb (1.3ms)
  Rendered collection of /Users/jameshughes/.rvm/gems/ruby-2.3.1/gems/actionpack-5.0.0/lib/action_dispatch/middleware/templates/routes/_route.html.erb [10 times] (3.9ms)
  Rendered /Users/jameshughes/.rvm/gems/ruby-2.3.1/gems/actionpack-5.0.0/lib/action_dispatch/middleware/templates/routes/_table.html.erb (1.3ms)
  Rendering /Users/jameshughes/.rvm/gems/ruby-2.3.1/gems/actionpack-5.0.0/lib/action_dispatch/middleware/templates/rescues/_request_and_response.html.erb
  Rendered /Users/jameshughes/.rvm/gems/ruby-2.3.1/gems/actionpack-5.0.0/lib/action_dispatch/middleware/templates/rescues/_request_and_response.html.erb (3.4ms)
  Rendered /Users/jameshughes/.rvm/gems/ruby-2.3.1/gems/actionpack-5.0.0/lib/action_dispatch/middleware/templates/rescues/routing_error.html.erb within rescues/layout (153.1ms)
Started GET "/contacts/new" for ::1 at 2018-01-18 14:03:59 -0500
Processing by ContactsController#new as HTML
  Rendering contacts/new.html.erb within layouts/application
  Rendered contacts/new.html.erb within layouts/application (2.9ms)
Completed 200 OK in 70ms (Views: 66.5ms | ActiveRecord: 0.0ms)


Started GET "/contacts/new" for ::1 at 2018-01-18 14:05:22 -0500
Processing by ContactsController#new as HTML
  Rendering contacts/new.html.erb within layouts/application
  Rendered contacts/new.html.erb within layouts/application (4.8ms)
Completed 200 OK in 69ms (Views: 65.7ms | ActiveRecord: 0.0ms)


Started GET "/contacts/new" for ::1 at 2018-01-18 14:08:23 -0500
Processing by ContactsController#new as HTML
  Rendering contacts/new.html.erb within layouts/application
  Rendered contacts/new.html.erb within layouts/application (2.6ms)
Completed 200 OK in 65ms (Views: 61.4ms | ActiveRecord: 0.0ms)


Started GET "/contacts/new" for ::1 at 2018-01-18 14:08:26 -0500
Processing by ContactsController#new as HTML
  Rendering contacts/new.html.erb within layouts/application
  Rendered contacts/new.html.erb within layouts/application (2.7ms)
Completed 200 OK in 70ms (Views: 66.6ms | ActiveRecord: 0.0ms)


Started GET "/contacts/new" for ::1 at 2018-01-18 14:08:40 -0500
Processing by ContactsController#new as HTML
  Rendering contacts/new.html.erb within layouts/application
  Rendered contacts/new.html.erb within layouts/application (2.5ms)
Completed 200 OK in 67ms (Views: 64.5ms | ActiveRecord: 0.0ms)


Started GET "/contacts/new" for ::1 at 2018-01-18 14:09:22 -0500
Processing by ContactsController#new as HTML
  Rendering contacts/new.html.erb within layouts/application
  Rendered contacts/new.html.erb within layouts/application (3.0ms)
Completed 200 OK in 65ms (Views: 61.8ms | ActiveRecord: 0.0ms)


Started GET "/contacts/new" for ::1 at 2018-01-18 14:09:24 -0500
Processing by ContactsController#new as HTML
  Rendering contacts/new.html.erb within layouts/application
  Rendered contacts/new.html.erb within layouts/application (2.8ms)
Completed 200 OK in 70ms (Views: 66.6ms | ActiveRecord: 0.0ms)


Started GET "/contacts/new" for ::1 at 2018-01-18 14:10:09 -0500
Processing by ContactsController#new as HTML
  Rendering contacts/new.html.erb within layouts/application
  Rendered contacts/new.html.erb within layouts/application (2.9ms)
Completed 200 OK in 62ms (Views: 58.9ms | ActiveRecord: 0.0ms)


